This is XeTeX, Version 3.14159265-2.6-0.99991 (TeX Live 2014) (preloaded format=xelatex 2015.3.8)  15 MAR 2015 19:05
entering extended mode
 restricted \write18 enabled.
 %&-line parsing enabled.
**report.tex
(./report.tex
LaTeX2e <2014/05/01>
Babel <3.9l> and hyphenation patterns for 79 languages loaded.
(./ritsi/report.cls
Document Class: ritsi/report 
(/usr/local/texlive/2014/texmf-dist/tex/latex/koma-script/scrreprt.cls
Document Class: scrreprt 2015/02/07 v3.16 KOMA-Script document class (report)
(/usr/local/texlive/2014/texmf-dist/tex/latex/koma-script/scrkbase.sty
Package: scrkbase 2015/02/07 v3.16 KOMA-Script package (KOMA-Script-dependent b
asics and keyval usage)

(/usr/local/texlive/2014/texmf-dist/tex/latex/koma-script/scrbase.sty
Package: scrbase 2015/02/07 v3.16 KOMA-Script package (KOMA-Script-independent 
basics and keyval usage)

(/usr/local/texlive/2014/texmf-dist/tex/latex/graphics/keyval.sty
Package: keyval 2014/10/28 v1.15 key=value parser (DPC)
\KV@toks@=\toks14
)
(/usr/local/texlive/2014/texmf-dist/tex/latex/koma-script/scrlfile.sty
Package: scrlfile 2015/02/07 v3.16 KOMA-Script package (loading files)

Package scrlfile, 2015/02/07 v3.16 KOMA-Script package (loading files)
                  Copyright (C) Markus Kohm

))) (/usr/local/texlive/2014/texmf-dist/tex/latex/koma-script/tocbasic.sty
Package: tocbasic 2015/02/07 v3.16 KOMA-Script package (handling toc-files)
)
Package tocbasic Info: omitting babel extension for `toc'
(tocbasic)             because of feature `nobabel' available
(tocbasic)             for `toc' on input line 118.
Package tocbasic Info: omitting babel extension for `lof'
(tocbasic)             because of feature `nobabel' available
(tocbasic)             for `lof' on input line 119.
Package tocbasic Info: omitting babel extension for `lot'
(tocbasic)             because of feature `nobabel' available
(tocbasic)             for `lot' on input line 120.
Package tocbasic Info: defining new hook before heading of `' on input line 118
0.
Package scrreprt Info: You've used standard option `12pt'.
(scrreprt)             This is correct!
(scrreprt)             Internally I'm using `fontsize=12pt'.
(scrreprt)             If you'd like to set the option with \KOMAoptions,
(scrreprt)             you'd have to use `fontsize=12pt' there
(scrreprt)             instead of `12pt', too.
Class scrreprt Info: File `scrsize12pt.clo' used to setup font sizes on input l
ine 1712.

(/usr/local/texlive/2014/texmf-dist/tex/latex/koma-script/scrsize12pt.clo
File: scrsize12pt.clo 2015/02/07 v3.16 KOMA-Script font size class option (12pt
)
)
(/usr/local/texlive/2014/texmf-dist/tex/latex/koma-script/typearea.sty
Package: typearea 2015/02/07 v3.16 KOMA-Script package (type area)

Package typearea, 2015/02/07 v3.16 KOMA-Script package (type area)
                  Copyright (C) Frank Neukam, 1992-1994
                  Copyright (C) Markus Kohm, 1994-

\ta@bcor=\skip41
\ta@div=\count80
\ta@hblk=\skip42
\ta@vblk=\skip43
\ta@temp=\skip44
\footheight=\skip45
Package typearea Info: These are the values describing the layout:
(typearea)             DIV  = 12
(typearea)             BCOR = 0.0pt
(typearea)             \paperwidth      = 597.50793pt
(typearea)              \textwidth      = 448.13095pt
(typearea)              DIV departure   = -6%
(typearea)              \evensidemargin = 27.31467pt
(typearea)              \oddsidemargin  = -22.47766pt
(typearea)             \paperheight     = 845.04694pt
(typearea)              \textheight     = 635.5pt
(typearea)              \topmargin      = -41.72441pt
(typearea)              \headheight     = 18.125pt
(typearea)              \headsep        = 21.75pt
(typearea)              \topskip        = 12.0pt
(typearea)              \footskip       = 50.75pt
(typearea)              \baselineskip   = 14.5pt
(typearea)              on input line 1342.
)
\c@part=\count81
\c@chapter=\count82
\c@section=\count83
\c@subsection=\count84
\c@subsubsection=\count85
\c@paragraph=\count86
\c@subparagraph=\count87
\abovecaptionskip=\skip46
\belowcaptionskip=\skip47
\c@pti@nb@sid@b@x=\box26
\c@figure=\count88
\c@table=\count89
\bibindent=\dimen102
) (./ritsi/ritsi.sty
Package: ritsi/ritsi 

(/usr/local/texlive/2014/texmf-dist/tex/generic/iftex/iftex.sty
Package: iftex 2013/04/04 v0.2 Provides if(tex) conditional for PDFTeX, XeTeX, 
and LuaTeX
)
(/usr/local/texlive/2014/texmf-dist/tex/latex/nag/nag.sty
Package: nag 2011/11/25 0.7 warning about old commands (ulmi)
\c@nag@c=\count90
\c@nag@sins=\count91
Package nag Info: Loaded nag-l2tabu.cfg  on input line 552.

(/usr/local/texlive/2014/texmf-dist/tex/latex/nag/nag-l2tabu.cfg
File: nag-l2tabu.cfg 2010/05/17 v2.11 l2tabu rules for nag.sty (ulmi)
)
Package nag Info: Loaded nag-orthodox.cfg  on input line 552.

(/usr/local/texlive/2014/texmf-dist/tex/latex/nag/nag-orthodox.cfg
File: nag-orthodox.cfg 2006/04/19 v1.8 strict rules for nag.sty (ulmi)
))
(/usr/local/texlive/2014/texmf-dist/tex/latex/oberdiek/ifdraft.sty
Package: ifdraft 2008/08/11 v1.3 Detect class options draft and final (HO)
)
(/usr/local/texlive/2014/texmf-dist/tex/generic/ifxetex/ifxetex.sty
Package: ifxetex 2010/09/12 v0.6 Provides ifxetex conditional
)
(/usr/local/texlive/2014/texmf-dist/tex/latex/base/fixltx2e.sty
Package: fixltx2e 2014/09/29 v1.1s fixes to LaTeX
LaTeX Info: Redefining \em on input line 430.
LaTeX Info: Redefining \textsubscript on input line 434.
)
(/usr/local/texlive/2014/texmf-dist/tex/latex/xltxtra/xltxtra.sty
Package: xltxtra 2010/09/20 v0.5e Improvements for the "XeLaTeX" format

(/usr/local/texlive/2014/texmf-dist/tex/generic/oberdiek/ifluatex.sty
Package: ifluatex 2010/03/01 v1.3 Provides the ifluatex switch (HO)
Package ifluatex Info: LuaTeX not detected.
)
(/usr/local/texlive/2014/texmf-dist/tex/latex/fontspec/fontspec.sty
Package: fontspec 2014/06/21 v2.4a Font selection for XeLaTeX and LuaLaTeX

(/usr/local/texlive/2014/texmf-dist/tex/latex/l3kernel/expl3.sty
Package: expl3 2015/03/01 v5547 L3 programming layer (loader) 

(/usr/local/texlive/2014/texmf-dist/tex/latex/l3kernel/expl3-code.tex
Package: expl3 2015/03/01 v5547 L3 programming layer (code) 
L3 Module: l3bootstrap 2015/02/28 v5542 L3 Bootstrap code

(/usr/local/texlive/2014/texmf-dist/tex/latex/etex-pkg/etex.sty
Package: etex 1998/03/26 v2.0 eTeX basic definition package (PEB)
\et@xins=\count92
)
L3 Module: l3names 2015/02/24 v5535 L3 Namespace for primitives
L3 Module: l3basics 2015/01/27 v5500 L3 Basic definitions
L3 Module: l3expan 2014/11/27 v5472 L3 Argument expansion
L3 Module: l3tl 2015/01/27 v5500 L3 Token lists
L3 Module: l3str 2015/03/01 v5545 L3 Strings
L3 Module: l3seq 2014/08/23 v5354 L3 Sequences and stacks
L3 Module: l3int 2015/02/21 v5529 L3 Integers
\c_max_int=\count93
\l_tmpa_int=\count94
\l_tmpb_int=\count95
\g_tmpa_int=\count96
\g_tmpb_int=\count97
L3 Module: l3quark 2014/08/23 v5354 L3 Quarks
L3 Module: l3prg 2014/08/23 v5354 L3 Control structures
\g__prg_map_int=\count98
L3 Module: l3clist 2014/08/23 v5354 L3 Comma separated lists
L3 Module: l3token 2014/09/15 v5422 L3 Experimental token manipulation
L3 Module: l3prop 2014/08/23 v5354 L3 Property lists
L3 Module: l3msg 2015/02/26 v5537 L3 Messages
L3 Module: l3file 2014/08/24 v5369 L3 File and I/O operations
\l_iow_line_count_int=\count99
\l__iow_target_count_int=\count100
\l__iow_current_line_int=\count101
\l__iow_current_word_int=\count102
\l__iow_current_indentation_int=\count103
L3 Module: l3skip 2014/08/23 v5354 L3 Dimensions and skips
\c_zero_dim=\dimen103
\c_max_dim=\dimen104
\l_tmpa_dim=\dimen105
\l_tmpb_dim=\dimen106
\g_tmpa_dim=\dimen107
\g_tmpb_dim=\dimen108
\c_zero_skip=\skip48
\c_max_skip=\skip49
\l_tmpa_skip=\skip50
\l_tmpb_skip=\skip51
\g_tmpa_skip=\skip52
\g_tmpb_skip=\skip53
\c_zero_muskip=\muskip10
\c_max_muskip=\muskip11
\l_tmpa_muskip=\muskip12
\l_tmpb_muskip=\muskip13
\g_tmpa_muskip=\muskip14
\g_tmpb_muskip=\muskip15
L3 Module: l3keys 2015/01/27 v5500 L3 Key-value interfaces
\g__keyval_level_int=\count104
\l_keys_choice_int=\count105
L3 Module: l3fp 2014/08/22 v5336 L3 Floating points
\c__fp_leading_shift_int=\count106
\c__fp_middle_shift_int=\count107
\c__fp_trailing_shift_int=\count108
\c__fp_big_leading_shift_int=\count109
\c__fp_big_middle_shift_int=\count110
\c__fp_big_trailing_shift_int=\count111
\c__fp_Bigg_leading_shift_int=\count112
\c__fp_Bigg_middle_shift_int=\count113
\c__fp_Bigg_trailing_shift_int=\count114
L3 Module: l3box 2014/08/23 v5354 L3 Experimental boxes
\c_empty_box=\box27
\l_tmpa_box=\box28
\l_tmpb_box=\box29
\g_tmpa_box=\box30
\g_tmpb_box=\box31
L3 Module: l3coffins 2014/08/23 v5354 L3 Coffin code layer
\l__coffin_internal_box=\box32
\l__coffin_internal_dim=\dimen109
\l__coffin_offset_x_dim=\dimen110
\l__coffin_offset_y_dim=\dimen111
\l__coffin_x_dim=\dimen112
\l__coffin_y_dim=\dimen113
\l__coffin_x_prime_dim=\dimen114
\l__coffin_y_prime_dim=\dimen115
\c_empty_coffin=\box33
\l__coffin_aligned_coffin=\box34
\l__coffin_aligned_internal_coffin=\box35
\l_tmpa_coffin=\box36
\l_tmpb_coffin=\box37
\l__coffin_display_coffin=\box38
\l__coffin_display_coord_coffin=\box39
\l__coffin_display_pole_coffin=\box40
\l__coffin_display_offset_dim=\dimen116
\l__coffin_display_x_dim=\dimen117
\l__coffin_display_y_dim=\dimen118
L3 Module: l3color 2014/08/23 v5354 L3 Experimental color support
L3 Module: l3candidates 2015/03/01 v5544 L3 Experimental additions to l3kernel
\l__box_top_dim=\dimen119
\l__box_bottom_dim=\dimen120
\l__box_left_dim=\dimen121
\l__box_right_dim=\dimen122
\l__box_top_new_dim=\dimen123
\l__box_bottom_new_dim=\dimen124
\l__box_left_new_dim=\dimen125
\l__box_right_new_dim=\dimen126
\l__box_internal_box=\box41
\l__coffin_bounding_shift_dim=\dimen127
\l__coffin_left_corner_dim=\dimen128
\l__coffin_right_corner_dim=\dimen129
\l__coffin_bottom_corner_dim=\dimen130
\l__coffin_top_corner_dim=\dimen131
\l__coffin_scaled_total_height_dim=\dimen132
\l__coffin_scaled_width_dim=\dimen133
)
(/usr/local/texlive/2014/texmf-dist/tex/latex/l3kernel/l3unicode-data.def
File: l3unicode-data.def 2015/03/01 v5544 L3 Unicode data
)
(/usr/local/texlive/2014/texmf-dist/tex/latex/l3kernel/l3xdvipdfmx.def
File: l3xdvidpfmx.def 2015/03/01 v5544 L3 Experimental driver: xdvipdfmx
))
(/usr/local/texlive/2014/texmf-dist/tex/latex/l3packages/xparse/xparse.sty
Package: xparse 2014/11/25 v5471 L3 Experimental document command parser
\l__xparse_current_arg_int=\count115
\l__xparse_m_args_int=\count116
\l__xparse_mandatory_args_int=\count117
\l__xparse_processor_int=\count118
\l__xparse_v_nesting_int=\count119
)
\l_fontspec_script_int=\count120
\l_fontspec_language_int=\count121
\l_fontspec_strnum_int=\count122
\l__fontspec_tmpa_dim=\dimen134
\l__fontspec_tmpb_dim=\dimen135
\l__fontspec_tmpc_dim=\dimen136
Variant \tl_gset:cV already defined; not changing it on line 71

(/usr/local/texlive/2014/texmf-dist/tex/latex/fontspec/fontspec-patches.sty
Package: fontspec-patches 2014/06/21 v2.4a Font selection for XeLaTeX and LuaLa
TeX
LaTeX Info: Redefining \em on input line 38.
LaTeX Info: Redefining \emph on input line 46.
LaTeX Info: Redefining \- on input line 49.
.................................................
. LaTeX info: "xparse/redefine-command"
. 
. Redefining command \oldstylenums with sig. 'm' on line 144.
.................................................
.................................................
. LaTeX info: "xparse/define-command"
. 
. Defining command \liningnums with sig. 'm' on line 148.
.................................................
)
(/usr/local/texlive/2014/texmf-dist/tex/latex/fontspec/fontspec-xetex.sty
Package: fontspec-xetex 2014/06/21 v2.4a Font selection for XeLaTeX and LuaLaTe
X

(/usr/local/texlive/2014/texmf-dist/tex/latex/base/fontenc.sty
Package: fontenc 2005/09/27 v1.99g Standard LaTeX package

(/usr/local/texlive/2014/texmf-dist/tex/latex/euenc/eu1enc.def
File: eu1enc.def 2010/05/27 v0.1h Experimental Unicode font encodings
)
LaTeX Font Info:    Try loading font information for EU1+lmr on input line 100.


(/usr/local/texlive/2014/texmf-dist/tex/latex/euenc/eu1lmr.fd
File: eu1lmr.fd 2009/10/30 v1.6 Font defs for Latin Modern
))
(/usr/local/texlive/2014/texmf-dist/tex/xelatex/xunicode/xunicode.sty
File: xunicode.sty 2011/09/09 v0.981 provides access to latin accents and many 
other characters in Unicode lower plane

(/usr/local/texlive/2014/texmf-dist/tex/latex/tipa/t3enc.def
File: t3enc.def 2001/12/31 T3 encoding
LaTeX Font Info:    Try loading font information for EU1+lmss on input line 357
.

(/usr/local/texlive/2014/texmf-dist/tex/latex/euenc/eu1lmss.fd
File: eu1lmss.fd 2009/10/30 v1.6 Font defs for Latin Modern
))
\tipaTiiicode=\count123
\tipasavetokens=\toks15
\tipachecktokens=\toks16

(/usr/local/texlive/2014/texmf-dist/tex/latex/graphics/graphicx.sty
Package: graphicx 2014/10/28 v1.0g Enhanced LaTeX Graphics (DPC,SPQR)

(/usr/local/texlive/2014/texmf-dist/tex/latex/graphics/graphics.sty
Package: graphics 2014/10/28 v1.0p Standard LaTeX Graphics (DPC,SPQR)

(/usr/local/texlive/2014/texmf-dist/tex/latex/graphics/trig.sty
Package: trig 1999/03/16 v1.09 sin cos tan (DPC)
)
(/usr/local/texlive/2014/texmf-dist/tex/latex/latexconfig/graphics.cfg
File: graphics.cfg 2010/04/23 v1.9 graphics configuration of TeX Live
)
Package graphics Info: Driver file: xetex.def on input line 91.

(/usr/local/texlive/2014/texmf-dist/tex/xelatex/xetex-def/xetex.def
File: xetex.def 2014/07/25 v4.03 LaTeX color/graphics driver for XeTeX (RRM/JK)

))
\Gin@req@height=\dimen137
\Gin@req@width=\dimen138
))
.................................................
. LaTeX info: "xparse/define-command"
. 
. Defining command \fontspec with sig. 'O{}mO{}' on line 41.
.................................................
.................................................
. LaTeX info: "xparse/define-command"
. 
. Defining command \setmainfont with sig. 'O{}mO{}' on line 47.
.................................................
.................................................
. LaTeX info: "xparse/define-command"
. 
. Defining command \setsansfont with sig. 'O{}mO{}' on line 53.
.................................................
.................................................
. LaTeX info: "xparse/define-command"
. 
. Defining command \setmonofont with sig. 'O{}mO{}' on line 59.
.................................................
.................................................
. LaTeX info: "xparse/define-command"
. 
. Defining command \setmathrm with sig. 'O{}mO{}' on line 68.
.................................................
.................................................
. LaTeX info: "xparse/define-command"
. 
. Defining command \setboldmathrm with sig. 'O{}mO{}' on line 72.
.................................................
.................................................
. LaTeX info: "xparse/define-command"
. 
. Defining command \setmathsf with sig. 'O{}mO{}' on line 76.
.................................................
.................................................
. LaTeX info: "xparse/define-command"
. 
. Defining command \setmathtt with sig. 'O{}mO{}' on line 80.
.................................................
.................................................
. LaTeX info: "xparse/define-command"
. 
. Defining command \newfontfamily with sig. 'mO{}mO{}' on line 99.
.................................................
.................................................
. LaTeX info: "xparse/define-command"
. 
. Defining command \newfontface with sig. 'mO{}mO{}' on line 103.
.................................................
.................................................
. LaTeX info: "xparse/define-command"
. 
. Defining command \defaultfontfeatures with sig. 't+om' on line 112.
.................................................
.................................................
. LaTeX info: "xparse/define-command"
. 
. Defining command \addfontfeatures with sig. 'm' on line 170.
.................................................
.................................................
. LaTeX info: "xparse/define-command"
. 
. Defining command \newfontfeature with sig. 'mm' on line 181.
.................................................
.................................................
. LaTeX info: "xparse/define-command"
. 
. Defining command \newAATfeature with sig. 'mmmm' on line 189.
.................................................
.................................................
. LaTeX info: "xparse/define-command"
. 
. Defining command \newopentypefeature with sig. 'mmm' on line 197.
.................................................
.................................................
. LaTeX info: "xparse/define-command"
. 
. Defining command \aliasfontfeature with sig. 'mm' on line 226.
.................................................
.................................................
. LaTeX info: "xparse/define-command"
. 
. Defining command \aliasfontfeatureoption with sig. 'mmm' on line 228.
.................................................
.................................................
. LaTeX info: "xparse/define-command"
. 
. Defining command \newfontscript with sig. 'mm' on line 233.
.................................................
.................................................
. LaTeX info: "xparse/define-command"
. 
. Defining command \newfontlanguage with sig. 'mm' on line 259.
.................................................
.................................................
. LaTeX info: "xparse/define-command"
. 
. Defining command \DeclareFontsExtensions with sig. 'm' on line 279.
.................................................
Variant \prop_gput:cnV already defined; not changing it on line 662
Variant \prop_gput:cnx already defined; not changing it on line 663
\l__fontspec_tmp_int=\count124
LaTeX Info: Redefining \itshape on input line 2193.
LaTeX Info: Redefining \slshape on input line 2198.
LaTeX Info: Redefining \scshape on input line 2203.
LaTeX Info: Redefining \upshape on input line 2208.

(/usr/local/texlive/2014/texmf-dist/tex/latex/fontspec/fontspec.cfg)))
(/usr/local/texlive/2014/texmf-dist/tex/latex/realscripts/realscripts.sty
Package: realscripts 2013/03/18 v0.3c Access OpenType subscripts and superscrip
ts
.................................................
. LaTeX info: "xparse/define-command"
. 
. Defining command \fakesubscript with sig. 'm' on line 19.
.................................................
.................................................
. LaTeX info: "xparse/define-command"
. 
. Defining command \fakesuperscript with sig. 'm' on line 22.
.................................................
.................................................
. LaTeX info: "xparse/redefine-command"
. 
. Redefining command \textsubscript with sig. 's' on line 25.
.................................................
.................................................
. LaTeX info: "xparse/redefine-command"
. 
. Redefining command \textsuperscript with sig. 's' on line 28.
.................................................
.................................................
. LaTeX info: "xparse/define-command"
. 
. Defining command \realsubscript with sig. 'm' on line 45.
.................................................
.................................................
. LaTeX info: "xparse/define-command"
. 
. Defining command \realsuperscript with sig. 'm' on line 60.
.................................................
.................................................
. LaTeX info: "xparse/define-command"
. 
. Defining command \textsubsuperscript with sig. 'sO{l}mm' on line 138.
.................................................
.................................................
. LaTeX info: "xparse/define-command"
. 
. Defining command \textsupersubscript with sig. 'sO{l}mm' on line 143.
.................................................
\subsupersep=\dimen139
)
(/usr/local/texlive/2014/texmf-dist/tex/latex/metalogo/metalogo.sty
Package: metalogo 2010/05/29 v0.12 Extended TeX logo macros
\xl@everylogo=\toks17
\xl@@everylogo=\toks18
LaTeX Info: Redefining \TeX on input line 193.
LaTeX Info: Redefining \LaTeX on input line 202.
LaTeX Info: Redefining \LaTeXe on input line 219.
)
\xxt@tempbox=\box42
)
\g__file_internal_ior=\read1
.................................................
. fontspec info: "no-scripts"
. 
. Font Play does not contain any OpenType `Script' information.
.................................................
\g__fontspec_family_Play_int=\count125
.................................................
. fontspec info: "defining-font"
. 
. Font family 'Play(0)' created for font 'Play' with options
. [Ligatures=TeX,Ligatures=TeX,AutoFakeSlant=0.3].
. 
. This font family consists of the following shapes:
. 
. * 'normal' with NFSS spec.:
. <->"Play/AAT:mapping=tex-text;mapping=tex-text;"
. 
. * 'small caps' with NFSS spec.:
. <->"Play/AAT:mapping=tex-text;mapping=tex-text;Letter Case=Small Caps;"
. and font adjustment code:
. 
. 
. * 'bold' with NFSS spec.:
. <->"Play/B/AAT:mapping=tex-text;mapping=tex-text;"
. 
. * 'bold small caps' with NFSS spec.:
. <->"Play/B/AAT:mapping=tex-text;mapping=tex-text;Letter Case=Small Caps;"
. and font adjustment code:
. 
. 
. * 'italic' with NFSS spec.:
. <->"Play/AAT:mapping=tex-text;mapping=tex-text;slant=0.3;"
. 
. * 'small caps' with NFSS spec.:
. <->"Play/AAT:mapping=tex-text;mapping=tex-text;slant=0.3;Letter Case=Small
. Caps;"
. and font adjustment code:
. 
. 
. * 'bold italic' with NFSS spec.:
. <->"Play/B/AAT:mapping=tex-text;mapping=tex-text;"
. 
. * 'bold small caps' with NFSS spec.:
. <->"Play/B/AAT:mapping=tex-text;mapping=tex-text;Letter Case=Small Caps;"
. and font adjustment code:
. 
.................................................
.................................................
. fontspec info: "no-scripts"
. 
. Font Play does not contain any OpenType `Script' information.
.................................................
.................................................
. fontspec info: "set-scale"
. 
. Play scale = 1.
.................................................
.................................................
. fontspec info: "set-scale"
. 
. Play scale = 1.
.................................................
.................................................
. fontspec info: "set-scale"
. 
. Play scale = 1.
.................................................
.................................................
. fontspec info: "set-scale"
. 
. Play/B scale = 1.
.................................................
.................................................
. fontspec info: "set-scale"
. 
. Play/B scale = 1.
.................................................
.................................................
. fontspec info: "set-scale"
. 
. Play scale = 1.
.................................................
.................................................
. fontspec info: "set-scale"
. 
. Play scale = 1.
.................................................
.................................................
. fontspec info: "set-scale"
. 
. Play/B scale = 1.
.................................................
.................................................
. fontspec info: "set-scale"
. 
. Play/B scale = 1.
.................................................
.................................................
. fontspec info: "defining-font"
. 
. Font family 'Play(1)' created for font 'Play' with options
. [Ligatures=TeX,Ligatures=TeX,Scale=MatchLowercase,AutoFakeSlant=0.3].
. 
. This font family consists of the following shapes:
. 
. * 'normal' with NFSS spec.:
. <->s*[1]"Play/AAT:mapping=tex-text;mapping=tex-text;"
. 
. * 'small caps' with NFSS spec.:
. <->s*[1]"Play/AAT:mapping=tex-text;mapping=tex-text;Letter Case=Small Caps;"
. and font adjustment code:
. 
. 
. * 'bold' with NFSS spec.:
. <->s*[1]"Play/B/AAT:mapping=tex-text;mapping=tex-text;"
. 
. * 'bold small caps' with NFSS spec.:
. <->s*[1]"Play/B/AAT:mapping=tex-text;mapping=tex-text;Letter Case=Small
. Caps;"
. and font adjustment code:
. 
. 
. * 'italic' with NFSS spec.:
. <->s*[1]"Play/AAT:mapping=tex-text;mapping=tex-text;slant=0.3;"
. 
. * 'small caps' with NFSS spec.:
. <->s*[1]"Play/AAT:mapping=tex-text;mapping=tex-text;slant=0.3;Letter
. Case=Small Caps;"
. and font adjustment code:
. 
. 
. * 'bold italic' with NFSS spec.:
. <->s*[1]"Play/B/AAT:mapping=tex-text;mapping=tex-text;"
. 
. * 'bold small caps' with NFSS spec.:
. <->s*[1]"Play/B/AAT:mapping=tex-text;mapping=tex-text;Letter Case=Small
. Caps;"
. and font adjustment code:
. 
.................................................
.................................................
. fontspec info: "no-scripts"
. 
. Font Andale Mono does not contain any OpenType `Script' information.
.................................................
.................................................
. fontspec info: "set-scale"
. 
. Andale Mono scale = 0.9472954596852118.
.................................................
\g__fontspec_family_AndaleMono_int=\count126
.................................................
. fontspec info: "no-font-shape"
. 
. Could not resolve font Andale Mono/BI (it probably doesn't exist).
.................................................
.................................................
. fontspec info: "no-font-shape"
. 
. Could not resolve font Andale Mono/B (it probably doesn't exist).
.................................................
.................................................
. fontspec info: "no-font-shape"
. 
. Could not resolve font Andale Mono/I (it probably doesn't exist).
.................................................
.................................................
. fontspec info: "set-scale"
. 
. Andale Mono scale = 0.9472954596852118.
.................................................
.................................................
. fontspec info: "defining-font"
. 
. Font family 'AndaleMono(0)' created for font 'Andale Mono' with options
. [Ligatures=TeX,WordSpace={1,0,0},PunctuationSpace=WordSpace,Scale=MatchLowerc
ase].
. 
. This font family consists of the following shapes:
. 
. * 'normal' with NFSS spec.:
. <->s*[0.9472954596852118]"Andale Mono/AAT:mapping=tex-text;"
. 
. * 'small caps' with NFSS spec.:
. 
. and font adjustment code:
. \fontdimen 2\font =1\fontdimen 2\font \fontdimen 3\font =0\fontdimen 3\font
. \fontdimen 4\font =0\fontdimen 4\font \fontdimen 7\font =0\fontdimen 2\font 
.................................................

(/usr/local/texlive/2014/texmf-dist/tex/latex/microtype/microtype.sty
Package: microtype 2013/05/23 v2.5a Micro-typographical refinements (RS)
\MT@toks=\toks19
\MT@count=\count127
LaTeX Info: Redefining \textls on input line 766.
\MT@outer@kern=\dimen140
LaTeX Info: Redefining \textmicrotypecontext on input line 1285.
\MT@listname@count=\count128

(/usr/local/texlive/2014/texmf-dist/tex/latex/microtype/microtype-xetex.def
File: microtype-xetex.def 2013/05/23 v2.5a Definitions specific to xetex (RS)
LaTeX Info: Redefining \lsstyle on input line 254.
)
Package microtype Info: Loading configuration file microtype.cfg.

(/usr/local/texlive/2014/texmf-dist/tex/latex/microtype/microtype.cfg
File: microtype.cfg 2013/05/23 v2.5a microtype main configuration file (RS)
))
(/usr/local/texlive/2014/texmf-dist/tex/latex/polyglossia/polyglossia.sty
Package: polyglossia 2014/05/21 v1.33.5 Babel replacement for XeLaTeX and LuaTe
X

(/usr/local/texlive/2014/texmf-dist/tex/latex/etoolbox/etoolbox.sty
Package: etoolbox 2011/01/03 v2.1 e-TeX tools for LaTeX
\etb@tempcnta=\count129
)
(/usr/local/texlive/2014/texmf-dist/tex/latex/makecmds/makecmds.sty
Package: makecmds 2009/09/03 v1.0a extra command making commands
)
(/usr/local/texlive/2014/texmf-dist/tex/latex/xkeyval/xkeyval.sty
Package: xkeyval 2014/12/03 v2.7a package option processing (HA)

(/usr/local/texlive/2014/texmf-dist/tex/generic/xkeyval/xkeyval.tex
(/usr/local/texlive/2014/texmf-dist/tex/generic/xkeyval/xkvutils.tex
\XKV@toks=\toks20
\XKV@tempa@toks=\toks21
)
\XKV@depth=\count130
File: xkeyval.tex 2014/12/03 v2.7a key=value parser (HA)
))
\xpg@normalclass=\XeTeXintercharclass4
)
(/usr/local/texlive/2014/texmf-dist/tex/latex/polyglossia/gloss-spanish.ldf
File: gloss-spanish.ldf polyglossia: module for spanish
)
Package polyglossia Info: Default language is spanish.

(/usr/local/texlive/2014/texmf-dist/tex/latex/koma-script/scrhack.sty
Package: scrhack 2015/02/07 v3.16 KOMA-Script package 
)
(/usr/local/texlive/2014/texmf-dist/tex/latex/underscore/underscore.sty
Package: underscore 2006/09/13
LaTeX Info: Redefining \_ on input line 42.
)
(/usr/local/texlive/2014/texmf-dist/tex/latex/ellipsis/ellipsis.sty
Package: ellipsis 2004/9/28 v1.6 ellipsis: fixes spacing around \protect \char 
"2026\relax 

(/usr/local/texlive/2014/texmf-dist/tex/latex/tools/xspace.sty
Package: xspace 2014/10/28 v1.13 Space after command names (DPC,MH)
))
(/usr/local/texlive/2014/texmf-dist/tex/latex/enumitem/enumitem.sty
Package: enumitem 2011/09/28 v3.5.2 Customized lists
\labelindent=\skip54
\enit@outerparindent=\dimen141
\enit@toks=\toks22
\enit@inbox=\box43
\enitdp@description=\count131
)
(/usr/local/texlive/2014/texmf-dist/tex/latex/tools/calc.sty
Package: calc 2014/10/28 v4.3 Infix arithmetic (KKT,FJ)
\calc@Acount=\count132
\calc@Bcount=\count133
\calc@Adimen=\dimen142
\calc@Bdimen=\dimen143
\calc@Askip=\skip55
\calc@Bskip=\skip56
LaTeX Info: Redefining \setlength on input line 75.
LaTeX Info: Redefining \addtolength on input line 76.
\calc@Ccount=\count134
\calc@Cskip=\skip57
)
(/usr/local/texlive/2014/texmf-dist/tex/latex/numprint/numprint.sty
Package: numprint 2012/08/20 v1.39 Print numbers (HH)

(/usr/local/texlive/2014/texmf-dist/tex/latex/tools/array.sty
Package: array 2014/10/28 v2.4c Tabular extension package (FMi)
\col@sep=\dimen144
\extrarowheight=\dimen145
\NC@list=\toks23
\extratabsurround=\skip58
\backup@length=\skip59
)
\c@nprt@mantissa@digitsbefore=\count135
\c@nprt@mantissa@digitsafter=\count136
\c@nprt@exponent@digitsbefore=\count137
\c@nprt@exponent@digitsafter=\count138
\nprt@digitwidth=\skip60
\nprt@sepwidth=\skip61
\nprt@decimalwidth=\skip62
\nprt@blockwidth=\skip63
\nprt@digittoks=\toks24
\nprt@pretoks=\toks25
\nprt@posttoks=\toks26
\nprt@thisdigit=\count139
\nprt@curpos=\count140
\nprt@rndpos=\count141
\c@nprt@digitsfirstblock=\count142
\c@nprt@blockcnt=\count143
\c@nprt@cntprint=\count144

No configuration file `numprint.cfg' found.)
(/usr/local/texlive/2014/texmf-dist/tex/latex/xcolor/xcolor.sty
Package: xcolor 2007/01/21 v2.11 LaTeX color extensions (UK)

(/usr/local/texlive/2014/texmf-dist/tex/latex/latexconfig/color.cfg
File: color.cfg 2007/01/18 v1.5 color configuration of teTeX/TeXLive
)
Package xcolor Info: Package option `usenames' ignored on input line 216.
Package xcolor Info: Driver file: xetex.def on input line 225.

(/usr/local/texlive/2014/texmf-dist/tex/latex/colortbl/colortbl.sty
Package: colortbl 2012/02/13 v1.0a Color table columns (DPC)
\everycr=\toks27
\minrowclearance=\skip64
)
\rownum=\count145
Package xcolor Info: Model `cmy' substituted by `cmy0' on input line 1337.
Package xcolor Info: Model `RGB' extended on input line 1353.
Package xcolor Info: Model `HTML' substituted by `rgb' on input line 1355.
Package xcolor Info: Model `Hsb' substituted by `hsb' on input line 1356.
Package xcolor Info: Model `tHsb' substituted by `hsb' on input line 1357.
Package xcolor Info: Model `HSB' substituted by `hsb' on input line 1358.
Package xcolor Info: Model `Gray' substituted by `gray' on input line 1359.
Package xcolor Info: Model `wave' substituted by `hsb' on input line 1360.

(/usr/local/texlive/2014/texmf-dist/tex/latex/graphics/dvipsnam.def
File: dvipsnam.def 2014/10/14 v3.0j Driver-dependent file (DPC,SPQR)
)
(/usr/local/texlive/2014/texmf-dist/tex/latex/xcolor/svgnam.def
File: svgnam.def 2007/01/21 v2.11 Predefined colors according to SVG 1.1 (UK)
)
(/usr/local/texlive/2014/texmf-dist/tex/latex/xcolor/x11nam.def
File: x11nam.def 2007/01/21 v2.11 Predefined colors according to Unix/X11 (UK)
))
(/usr/local/texlive/2014/texmf-dist/tex/latex/float/float.sty
Package: float 2001/11/08 v1.3d Float enhancements (AL)
\c@float@type=\count146
\float@exts=\toks28
\float@box=\box44
\@float@everytoks=\toks29
\@floatcapt=\box45
)
Package scrhack Info: loading float hack on input line 52.

(/usr/local/texlive/2014/texmf-dist/tex/latex/koma-script/float.hak
File: float.hak 2015/02/07 v3.16 KOMA-Script package (hacking package float)
Package scrhack Info: redefining \newfloat on input line 161.
Package scrhack Info: redefining \listof on input line 161.
Package scrhack Info: undefining \float@addtolists on input line 161.
)
(/usr/local/texlive/2014/texmf-dist/tex/latex/subfig/subfig.sty
Package: subfig 2005/06/28 ver: 1.3 subfig package

(/usr/local/texlive/2014/texmf-dist/tex/latex/caption/caption.sty
Package: caption 2013/05/02 v3.3-89 Customizing captions (AR)

(/usr/local/texlive/2014/texmf-dist/tex/latex/caption/caption3.sty
Package: caption3 2013/05/02 v1.6-88 caption3 kernel (AR)
Package caption3 Info: TeX engine: e-TeX on input line 57.
\captionmargin=\dimen146
\captionmargin@=\dimen147
\captionwidth=\dimen148
\caption@tempdima=\dimen149
\caption@indent=\dimen150
\caption@parindent=\dimen151
\caption@hangindent=\dimen152
)
Package caption Info: KOMA-Script document class.
\c@ContinuedFloat=\count147
Package caption Info: float package is loaded.
)
\c@KVtest=\count148
\sf@farskip=\skip65
\sf@captopadj=\dimen153
\sf@capskip=\skip66
\sf@nearskip=\skip67
\c@subfigure=\count149
\c@subfigure@save=\count150
\c@lofdepth=\count151
\c@subtable=\count152
\c@subtable@save=\count153
\c@lotdepth=\count154
\sf@top=\skip68
\sf@bottom=\skip69
)
(/usr/local/texlive/2014/texmf-dist/tex/latex/url/url.sty
\Urlmuskip=\muskip16
Package: url 2013/09/16  ver 3.4  Verb mode for urls, etc.
)
(/usr/local/texlive/2014/texmf-dist/tex/latex/unicode-math/unicode-math.sty
Package: unicode-math 2014/06/30 v0.7f Unicode maths in XeLaTeX and LuaLaTeX

(/usr/local/texlive/2014/texmf-dist/tex/latex/l3packages/l3keys2e/l3keys2e.sty
Package: l3keys2e 2014/11/25 v5471 LaTeX2e option processing using LaTeX3 keys
) (/usr/local/texlive/2014/texmf-dist/tex/generic/oberdiek/catchfile.sty
Package: catchfile 2011/03/01 v1.6 Catch the contents of a file (HO)

(/usr/local/texlive/2014/texmf-dist/tex/generic/oberdiek/infwarerr.sty
Package: infwarerr 2010/04/08 v1.3 Providing info/warning/error messages (HO)
)
(/usr/local/texlive/2014/texmf-dist/tex/generic/oberdiek/ltxcmds.sty
Package: ltxcmds 2011/11/09 v1.22 LaTeX kernel commands for general use (HO)
)
(/usr/local/texlive/2014/texmf-dist/tex/generic/oberdiek/etexcmds.sty
Package: etexcmds 2011/02/16 v1.5 Avoid name clashes with e-TeX commands (HO)
Package etexcmds Info: Could not find \expanded.
(etexcmds)             That can mean that you are not using pdfTeX 1.50 or
(etexcmds)             that some package has redefined \expanded.
(etexcmds)             In the latter case, load this package earlier.
))
(/usr/local/texlive/2014/texmf-dist/tex/latex/base/fix-cm.sty
Package: fix-cm 2014/09/29 v1.1s fixes to LaTeX

(/usr/local/texlive/2014/texmf-dist/tex/latex/base/ts1enc.def
File: ts1enc.def 2001/06/05 v3.0e (jk/car/fm) Standard LaTeX file
))
(/usr/local/texlive/2014/texmf-dist/tex/latex/filehook/filehook.sty
Package: filehook 2011/10/12 v0.5d Hooks for input files

(/usr/local/texlive/2014/texmf-dist/tex/latex/filehook/filehook-scrlfile.sty
Package: filehook-scrlfile 2011/01/03 v0.1 filehook patch for scrlfile package
Package filehook Info: Package 'scrlfile' detected and compensated for on input
 line 102.
))
Variant \tl_put_right:cx already defined; not changing it on line 67
Variant \seq_if_in:NVTF already defined; not changing it on line 68
\g_um_fam_int=\count155
.................................................
. LaTeX info: "xparse/define-command"
. 
. Defining command \unimathsetup with sig. 'm' on line 156.
.................................................

(/usr/local/texlive/2014/texmf-dist/tex/latex/unicode-math/unicode-math-xetex.s
ty
.................................................
. LaTeX info: "xparse/define-command"
. 
. Defining command \setmathfont with sig. 'O{}m' on line 384.
.................................................
.................................................
. LaTeX info: "xparse/define-command"
. 
. Defining command \addnolimits with sig. 'm' on line 627.
.................................................
.................................................
. LaTeX info: "xparse/define-command"
. 
. Defining command \removenolimits with sig. 'm' on line 631.
.................................................

(/usr/local/texlive/2014/texmf-dist/tex/latex/unicode-math/unicode-math-table.t
ex)
\g_um_primekern_muskip=\muskip17
\l_um_primecount_int=\count156
)) (/usr/local/texlive/2014/texmf-dist/tex/latex/amsmath/amsmath.sty
Package: amsmath 2013/01/14 v2.14 AMS math features
\@mathmargin=\skip70

For additional information on amsmath, use the `?' option.
(/usr/local/texlive/2014/texmf-dist/tex/latex/amsmath/amstext.sty
Package: amstext 2000/06/29 v2.01

(/usr/local/texlive/2014/texmf-dist/tex/latex/amsmath/amsgen.sty
File: amsgen.sty 1999/11/30 v2.0
\@emptytoks=\toks30
\ex@=\dimen154
))
(/usr/local/texlive/2014/texmf-dist/tex/latex/amsmath/amsbsy.sty
Package: amsbsy 1999/11/29 v1.2d
\pmbraise@=\dimen155
)
(/usr/local/texlive/2014/texmf-dist/tex/latex/amsmath/amsopn.sty
Package: amsopn 1999/12/14 v2.01 operator names
)
\inf@bad=\count157
LaTeX Info: Redefining \frac on input line 210.
\uproot@=\count158
\leftroot@=\count159
LaTeX Info: Redefining \overline on input line 306.
\classnum@=\count160
\DOTSCASE@=\count161
LaTeX Info: Redefining \ldots on input line 378.
LaTeX Info: Redefining \dots on input line 381.
LaTeX Info: Redefining \cdots on input line 466.
\Mathstrutbox@=\box46
\strutbox@=\box47
\big@size=\dimen156
LaTeX Font Info:    Redeclaring font encoding OML on input line 566.
LaTeX Font Info:    Redeclaring font encoding OMS on input line 567.


Package amsmath Warning: Unable to redefine math accent \mathring.

\macc@depth=\count162
\c@MaxMatrixCols=\count163
\dotsspace@=\muskip18
\c@parentequation=\count164
\dspbrk@lvl=\count165
\tag@help=\toks31
\row@=\count166
\column@=\count167
\maxfields@=\count168
\andhelp@=\toks32
\eqnshift@=\dimen157
\alignsep@=\dimen158
\tagshift@=\dimen159
\tagwidth@=\dimen160
\totwidth@=\dimen161
\lineht@=\dimen162
\@envbody=\toks33
\multlinegap=\skip71
\multlinetaggap=\skip72
\mathdisplay@stack=\toks34
LaTeX Info: Redefining \[ on input line 2665.
LaTeX Info: Redefining \] on input line 2666.
)
.................................................
. unicode-math info: "patch-macro"
. 
. I'm going to patch macro \subarray.
.................................................
.................................................
. unicode-math info: "patch-macro"
. 
. I'm going to patch macro \r@@t.
.................................................
 (/usr/local/texlive/2014/texmf-dist/tex/latex/geometry/geometry.sty
Package: geometry 2010/09/12 v5.6 Page Geometry

(/usr/local/texlive/2014/texmf-dist/tex/generic/oberdiek/ifpdf.sty
Package: ifpdf 2011/01/30 v2.3 Provides the ifpdf switch (HO)
Package ifpdf Info: pdfTeX in PDF mode is not detected.
)
(/usr/local/texlive/2014/texmf-dist/tex/generic/oberdiek/ifvtex.sty
Package: ifvtex 2010/03/01 v1.5 Detect VTeX and its facilities (HO)
Package ifvtex Info: VTeX not detected.
)
\Gm@cnth=\count169
\Gm@cntv=\count170
\c@Gm@tempcnt=\count171
\Gm@bindingoffset=\dimen163
\Gm@wd@mp=\dimen164
\Gm@odd@mp=\dimen165
\Gm@even@mp=\dimen166
\Gm@layoutwidth=\dimen167
\Gm@layoutheight=\dimen168
\Gm@layouthoffset=\dimen169
\Gm@layoutvoffset=\dimen170
\Gm@dimlist=\toks35
)

Class scrreprt Warning: Usage of package `fancyhdr' together
(scrreprt)              with a KOMA-Script class is not recommended.
(scrreprt)              I'd suggest to use 
(scrreprt)              package `scrlayer-scrpage'.
(scrreprt)              Nevertheless, using requested
(scrreprt)              package `fancyhdr' on input line 65.

(/usr/local/texlive/2014/texmf-dist/tex/latex/fancyhdr/fancyhdr.sty
\fancy@headwidth=\skip73
\f@ncyO@elh=\skip74
\f@ncyO@erh=\skip75
\f@ncyO@olh=\skip76
\f@ncyO@orh=\skip77
\f@ncyO@elf=\skip78
\f@ncyO@erf=\skip79
\f@ncyO@olf=\skip80
\f@ncyO@orf=\skip81
)
(/usr/local/texlive/2014/texmf-dist/tex/latex/pageslts/pageslts.sty
Package: pageslts 2014/01/19 v1.2c Refers to special pages' numbers/names (HMM)


(/usr/local/texlive/2014/texmf-dist/tex/latex/oberdiek/atveryend.sty
Package: atveryend 2011/06/30 v1.8 Hooks at the very end of document (HO)
)
(/usr/local/texlive/2014/texmf-dist/tex/latex/ms/everyshi.sty
Package: everyshi 2001/05/15 v3.00 EveryShipout Package (MS)
)
(/usr/local/texlive/2014/texmf-dist/tex/latex/oberdiek/letltxmacro.sty
Package: letltxmacro 2010/09/02 v1.4 Let assignment for LaTeX macros (HO)
)
(/usr/local/texlive/2014/texmf-dist/tex/latex/oberdiek/kvoptions.sty
Package: kvoptions 2011/06/30 v3.11 Key value format for package options (HO)

(/usr/local/texlive/2014/texmf-dist/tex/generic/oberdiek/kvsetkeys.sty
Package: kvsetkeys 2012/04/25 v1.16 Key value parser (HO)
))
(/usr/local/texlive/2014/texmf-dist/tex/latex/undolabl/undolabl.sty
Package: undolabl 2012/01/01 v1.0k Overriding labels (HMM)
)
(/usr/local/texlive/2014/texmf-dist/tex/latex/oberdiek/rerunfilecheck.sty
Package: rerunfilecheck 2011/04/15 v1.7 Rerun checks for auxiliary files (HO)

(/usr/local/texlive/2014/texmf-dist/tex/generic/oberdiek/pdftexcmds.sty
Package: pdftexcmds 2011/11/29 v0.20 Utility functions of pdfTeX for LuaTeX (HO
)
Package pdftexcmds Info: LuaTeX not detected.
Package pdftexcmds Info: pdfTeX >= 1.30 not detected.
Package pdftexcmds Info: \pdf@primitive is available.
Package pdftexcmds Info: \pdf@ifprimitive is available.
Package pdftexcmds Info: \pdfdraftmode not found.
)
Package rerunfilecheck Info: Feature \pdfmdfivesum is not available
(rerunfilecheck)             (e.g. pdfTeX or LuaTeX with package `pdftexcmds').

(rerunfilecheck)             Therefore file contents cannot be checked efficien
tly
(rerunfilecheck)             and the loading of the package is aborted.
)

Package pageslts Warning: Option pagecontinue is false:
(pageslts)                The pageslts package was used, but the option
(pageslts)                pagecontinue was set to false.
(pageslts)                If you want the page numbers to be continued,
(pageslts)                when the same page numbering scheme is used twice,
(pageslts)                please call pageslts with option pagecontinue=true,
(pageslts)                otherwise the page number is reset to one each time
(pageslts)                the page numbering scheme is changed.
(pageslts)                For details please see the documentation.

(/usr/local/texlive/2014/texmf-dist/tex/generic/oberdiek/alphalph.sty
Package: alphalph 2011/05/13 v2.4 Convert numbers to letters (HO)

(/usr/local/texlive/2014/texmf-dist/tex/generic/oberdiek/intcalc.sty
Package: intcalc 2007/09/27 v1.1 Expandable calculations with integers (HO)
))
Package pageslts Info: Option romanMult enabled
(pageslts)             (maybe by default):
(pageslts)             The pageslts package will extend the page numbering
(pageslts)             of the roman scheme below i with
(pageslts)             0, -i, -ii, -iii, -iv,...
(pageslts)             If you do not want this, call pageslts with option
(pageslts)             romanMult=false.
(pageslts)              on input line 246.
Package pageslts Info: Option RomanMulti enabled
(pageslts)             (maybe by default):
(pageslts)             The pageslts package will extend the page numbering
(pageslts)             of the Roman scheme below I with
(pageslts)             0, -I, -II, -III, -IV,...
(pageslts)             If you do not want this, call pageslts with option
(pageslts)             RomanMulti=false.
(pageslts)              on input line 268.
Package pageslts Info: Option fnsymbolmult enabled
(pageslts)             (maybe by default):
(pageslts)             The pageslts package will extend the page numbering
(pageslts)             of the footnotesymbol scheme using the alphalph
(pageslts)             package.
(pageslts)             If you do not want this, call pageslts with option
(pageslts)             fnsymbolmult=false.
(pageslts)              on input line 290.
\c@CurrentPage=\count172
\c@pagesLTS.pagenr=\count173
\c@pagesLTS.current.local.0=\count174
\c@pagesLTS.pnc.0=\count175
)
(/usr/local/texlive/2014/texmf-dist/tex/latex/euro/euro.sty
Package: euro 2003/02/19 v1.1 euro (mf)

(/usr/local/texlive/2014/texmf-dist/tex/latex/fp/fp-basic.sty
Package: fp-basic 1996/05/13

`Basic Fixed Point Arithmetic',  Version 1.2d (C) Michael Mehlich             
\FP@xs=\count176
\FP@xia=\count177
\FP@xib=\count178
\FP@xfa=\count179
\FP@xfb=\count180
\FP@rega=\count181
\FP@regb=\count182
\FP@regs=\count183
\FP@times=\count184
) (/usr/local/texlive/2014/texmf-dist/tex/latex/fp/fp-snap.sty
Package: fp-snap 1995/04/05

`Fixed Point Snap Off',          Version 1.0a (C) Michael Mehlich             )
)
(/usr/local/texlive/2014/texmf-dist/tex/latex/beamer/translator/translator.sty
Package: translator 2010/06/12 ver 1.10

(/usr/local/texlive/2014/texmf-dist/tex/latex/beamer/translator/translator-lang
uage-mappings.tex))
(/usr/local/texlive/2014/texmf-dist/tex/latex/siunitx/siunitx.sty
Package: siunitx 2015/01/21 v2.6e A comprehensive (SI) units package
Variant \tl_if_blank:VTF already defined; not changing it on line 50
\l__siunitx_tmp_box=\box48
\l__siunitx_tmp_dim=\dimen171
\l__siunitx_tmp_int=\count185
Variant \prop_get:NVNT already defined; not changing it on line 380
Variant \prop_get:NVNF already defined; not changing it on line 381
Variant \prop_get:NVNTF already defined; not changing it on line 382
\l__siunitx_number_mantissa_length_int=\count186
\l__siunitx_number_uncert_length_int=\count187
\l__siunitx_round_int=\count188
\l__siunitx_process_decimal_int=\count189
\l__siunitx_process_uncertainty_int=\count190
\l__siunitx_process_fixed_int=\count191
\l__siunitx_process_integer_min_int=\count192
\l__siunitx_process_precision_int=\count193
\l__siunitx_group_min_int=\count194
\l__siunitx_angle_marker_box=\box49
\l__siunitx_angle_unit_box=\box50
\l__siunitx_angle_marker_dim=\dimen172
\l__siunitx_angle_unit_dim=\dimen173
\l__siunitx_unit_int=\count195
\l__siunitx_unit_denominator_int=\count196
\l__siunitx_unit_numerator_int=\count197
\l__siunitx_unit_prefix_int=\count198
\l__siunitx_unit_prefix_base_int=\count199
\l__siunitx_unit_prefix_gram_int=\count200
\l__siunitx_number_product_int=\count201
\c__siunitx_one_fill_skip=\skip82
\l__siunitx_table_unit_align_skip=\skip83
\l__siunitx_table_exponent_dim=\dimen174
\l__siunitx_table_integer_dim=\dimen175
\l__siunitx_table_mantissa_dim=\dimen176
\l__siunitx_table_marker_dim=\dimen177
\l__siunitx_table_result_dim=\dimen178
\l__siunitx_table_uncert_dim=\dimen179
\l__siunitx_table_fill_pre_dim=\dimen180
\l__siunitx_table_fill_post_dim=\dimen181
\l__siunitx_table_fill_mid_dim=\dimen182
\l__siunitx_table_pre_box=\box51
\l__siunitx_table_post_box=\box52
\l__siunitx_table_mantissa_box=\box53
\l__siunitx_table_result_box=\box54
\l__siunitx_table_number_align_skip=\skip84
\l__siunitx_table_text_align_skip=\skip85
.................................................
. LaTeX info: "xparse/define-command"
. 
. Defining command \DeclareBinaryPrefix with sig. 'mmm' on line 7176.
.................................................
.................................................
. LaTeX info: "xparse/define-command"
. 
. Defining command \DeclareSIPostPower with sig. 'mm' on line 7179.
.................................................
.................................................
. LaTeX info: "xparse/define-command"
. 
. Defining command \DeclareSIPrefix with sig. 'mmm' on line 7182.
.................................................
.................................................
. LaTeX info: "xparse/define-command"
. 
. Defining command \DeclareSIPrePower with sig. 'mm' on line 7185.
.................................................
.................................................
. LaTeX info: "xparse/define-command"
. 
. Defining command \DeclareSIQualifier with sig. 'mm' on line 7188.
.................................................
.................................................
. LaTeX info: "xparse/define-command"
. 
. Defining command \DeclareSIUnit with sig. 'O{}mm' on line 7191.
.................................................
.................................................
. LaTeX info: "xparse/define-command"
. 
. Defining command \DeclareSIUnitWithOptions with sig. 'mmm' on line 7194.
.................................................
.................................................
. LaTeX info: "xparse/define-command"
. 
. Defining command \ang with sig. 'o>{\SplitArgument {2}{;}}m' on line 7209.
.................................................
.................................................
. LaTeX info: "xparse/define-command"
. 
. Defining command \num with sig. 'om' on line 7217.
.................................................
.................................................
. LaTeX info: "xparse/define-command"
. 
. Defining command \numlist with sig. 'o>{\SplitList {;}}m' on line 7225.
.................................................
.................................................
. LaTeX info: "xparse/define-command"
. 
. Defining command \numrange with sig. 'omm' on line 7233.
.................................................
.................................................
. LaTeX info: "xparse/define-command"
. 
. Defining command \SIlist with sig. 'o>{\SplitList {;}}mm' on line 7244.
.................................................
.................................................
. LaTeX info: "xparse/define-command"
. 
. Defining command \SIrange with sig. 'ommm' on line 7255.
.................................................
.................................................
. LaTeX info: "xparse/define-command"
. 
. Defining command \SI with sig. 'omom' on line 7266.
.................................................
.................................................
. LaTeX info: "xparse/define-command"
. 
. Defining command \sisetup with sig. 'm' on line 7269.
.................................................
.................................................
. LaTeX info: "xparse/define-command"
. 
. Defining command \tablenum with sig. 'om' on line 7281.
.................................................
.................................................
. LaTeX info: "xparse/define-command"
. 
. Defining command \si with sig. 'om' on line 7292.
.................................................
.................................................
. LaTeX info: "xparse/define-command"
. 
. Defining command \__siunitx_bookmark_num:w with sig. 'om' on line 7339.
.................................................
.................................................
. LaTeX info: "xparse/define-command"
. 
. Defining command \__siunitx_bookmark_numrange:w with sig. 'omm' on line
. 7341.
.................................................
.................................................
. LaTeX info: "xparse/define-command"
. 
. Defining command \__siunitx_bookmark_SI:w with sig. 'omom' on line 7343.
.................................................
.................................................
. LaTeX info: "xparse/define-command"
. 
. Defining command \__siunitx_bookmark_SIlist:w with sig. 'omm' on line 7345.
.................................................
.................................................
. LaTeX info: "xparse/define-command"
. 
. Defining command \__siunitx_bookmark_SIrange:w with sig. 'ommm' on line
. 7347.
.................................................
.................................................
. LaTeX info: "xparse/define-command"
. 
. Defining command \__siunitx_bookmark_si:w with sig. 'om' on line 7348.
.................................................
)
(/usr/local/texlive/2014/texmf-dist/tex/latex/tools/tabularx.sty
Package: tabularx 2014/10/28 v2.10 `tabularx' package (DPC)
\TX@col@width=\dimen183
\TX@old@table=\dimen184
\TX@old@col=\dimen185
\TX@target=\dimen186
\TX@delta=\dimen187
Normal \count register pool exhausted, switching to extended pool.
\TX@cols=\count277
\TX@ftn=\toks36
)
(/usr/local/texlive/2014/texmf-dist/tex/latex/tabulary/tabulary.sty
Package: tabulary 2014/06/11 v0.10 tabulary package (DPC)
\TY@count=\count278
\TY@linewidth=\dimen188
\tymin=\dimen189
\tymax=\dimen190
\TY@tablewidth=\dimen191
)
(/usr/local/texlive/2014/texmf-dist/tex/latex/multirow/multirow.sty
\bigstrutjot=\dimen192
)
(/usr/local/texlive/2014/texmf-dist/tex/latex/booktabs/booktabs.sty
Package: booktabs 2005/04/14 v1.61803 publication quality tables
\heavyrulewidth=\dimen193
\lightrulewidth=\dimen194
\cmidrulewidth=\dimen195
\belowrulesep=\dimen196
\belowbottomsep=\dimen197
\aboverulesep=\dimen198
\abovetopsep=\dimen199
\cmidrulesep=\dimen200
\cmidrulekern=\dimen201
Normal \dimen register pool exhausted, switching to extended pool.
\defaultaddspace=\dimen256
\@cmidla=\count279
\@cmidlb=\count280
\@aboverulesep=\dimen257
\@belowrulesep=\dimen258
\@thisruleclass=\count281
\@lastruleclass=\count282
\@thisrulewidth=\dimen259
)
(/usr/local/texlive/2014/texmf-dist/tex/latex/minitoc/minitoc.sty
Package: minitoc 2008/07/16 v60 Package minitoc (JPFD)

(/usr/local/texlive/2014/texmf-dist/tex/latex/minitoc/mtcmess.sty
Package: mtcmess 2006/03/14
)
Package minitoc Info: I0001
(minitoc)             *** minitoc package, version 60 ***.
\tf@mtc=\write3
\mtcindent=\skip86
\mtcskipamount=\skip87
Package minitoc Info: I0005
(minitoc)             compatible with hyperref.
Package minitoc Info: I0023
(minitoc)             part level macros available.
Package minitoc Info: I0003
(minitoc)             chapter level macros available.
\mtc@toks=\toks37
\mtc@strutbox=\box55
\mtc@hstrutbox=\box56
Package minitoc Info: I0002
(minitoc)             Autoconfiguration of extensions.
\openout3 = `report.mtc0'.

\openout3 = `report.mtc'.


(./report.mtc0)
Package minitoc Info: I0012
(minitoc)             Long extensions (Unix-like) will be used.
Package minitoc Info: I0031
(minitoc)             ==> this version is configured for UNIX-like 
(minitoc)                 (long extensions) file names.
\openout3 = `report.mtc'.

\openout3 = `report.mtc0'.

\c@mtc=\count283
\c@minitocdepth=\count284
\c@ptc=\count285
\c@parttocdepth=\count286
\ptcindent=\skip88
Package minitoc Info: I0010
(minitoc)             The english language is selected.
(minitoc)              on input line 4910.

(/usr/local/texlive/2014/texmf-dist/tex/latex/minitoc/english.mld
File: english.mld 2006/01/13
)
(/usr/local/texlive/2014/texmf-dist/tex/latex/minitoc/english.mld
File: english.mld 2006/01/13
))
(/usr/local/texlive/2014/texmf-dist/tex/latex/tools/varioref.sty
Package: varioref 2014/10/28 v1.5a package for extended references (FMi)
\c@vrcnt=\count287
)
(/usr/local/texlive/2014/texmf-dist/tex/latex/hyperref/hyperref.sty
Package: hyperref 2012/11/06 v6.83m Hypertext links for LaTeX

(/usr/local/texlive/2014/texmf-dist/tex/generic/oberdiek/hobsub-hyperref.sty
Package: hobsub-hyperref 2012/05/28 v1.13 Bundle oberdiek, subset hyperref (HO)


(/usr/local/texlive/2014/texmf-dist/tex/generic/oberdiek/hobsub-generic.sty
Package: hobsub-generic 2012/05/28 v1.13 Bundle oberdiek, subset generic (HO)
Package: hobsub 2012/05/28 v1.13 Construct package bundles (HO)
Package hobsub Info: Skipping package `infwarerr' (already loaded).
Package hobsub Info: Skipping package `ltxcmds' (already loaded).
Package hobsub Info: Skipping package `ifluatex' (already loaded).
Package hobsub Info: Skipping package `ifvtex' (already loaded).
Package hobsub Info: Skipping package `intcalc' (already loaded).
Package hobsub Info: Skipping package `ifpdf' (already loaded).
Package hobsub Info: Skipping package `etexcmds' (already loaded).
Package hobsub Info: Skipping package `kvsetkeys' (already loaded).
Package: kvdefinekeys 2011/04/07 v1.3 Define keys (HO)
Package hobsub Info: Skipping package `pdftexcmds' (already loaded).
Package: pdfescape 2011/11/25 v1.13 Implements pdfTeX's escape features (HO)
Package: bigintcalc 2012/04/08 v1.3 Expandable calculations on big integers (HO
)
Package: bitset 2011/01/30 v1.1 Handle bit-vector datatype (HO)
Package: uniquecounter 2011/01/30 v1.2 Provide unlimited unique counter (HO)
)
Package hobsub Info: Skipping package `hobsub' (already loaded).
Package hobsub Info: Skipping package `letltxmacro' (already loaded).
Package: hopatch 2012/05/28 v1.2 Wrapper for package hooks (HO)
Package: xcolor-patch 2011/01/30 xcolor patch
Package hobsub Info: Skipping package `atveryend' (already loaded).
Package: atbegshi 2011/10/05 v1.16 At begin shipout hook (HO)
Package: refcount 2011/10/16 v3.4 Data extraction from label references (HO)
Package: hycolor 2011/01/30 v1.7 Color options for hyperref/bookmark (HO)
)
(/usr/local/texlive/2014/texmf-dist/tex/latex/oberdiek/auxhook.sty
Package: auxhook 2011/03/04 v1.3 Hooks for auxiliary files (HO)
)
\@linkdim=\dimen260
\Hy@linkcounter=\count288
\Hy@pagecounter=\count289

(/usr/local/texlive/2014/texmf-dist/tex/latex/hyperref/pd1enc.def
File: pd1enc.def 2012/11/06 v6.83m Hyperref: PDFDocEncoding definition (HO)
)
\Hy@SavedSpaceFactor=\count290

(/usr/local/texlive/2014/texmf-dist/tex/latex/latexconfig/hyperref.cfg
File: hyperref.cfg 2002/06/06 v1.2 hyperref configuration of TeXLive
)
Package hyperref Info: Hyper figures OFF on input line 4443.
Package hyperref Info: Link nesting OFF on input line 4448.
Package hyperref Info: Hyper index ON on input line 4451.
Package hyperref Info: Plain pages OFF on input line 4458.
Package hyperref Info: Backreferencing OFF on input line 4463.
Package hyperref Info: Implicit mode ON; LaTeX internals redefined.
Package hyperref Info: Bookmarks ON on input line 4688.
\c@Hy@tempcnt=\count291
LaTeX Info: Redefining \url on input line 5041.
\XeTeXLinkMargin=\dimen261
\Fld@menulength=\count292
\Field@Width=\dimen262
\Fld@charsize=\dimen263
Package hyperref Info: Hyper figures OFF on input line 6295.
Package hyperref Info: Link nesting OFF on input line 6300.
Package hyperref Info: Hyper index ON on input line 6303.
Package hyperref Info: backreferencing OFF on input line 6310.
Package hyperref Info: Link coloring OFF on input line 6315.
Package hyperref Info: Link coloring with OCG OFF on input line 6320.
Package hyperref Info: PDF/A mode OFF on input line 6325.
LaTeX Info: Redefining \ref on input line 6365.
LaTeX Info: Redefining \pageref on input line 6369.
\Hy@abspage=\count293
\c@Item=\count294
\c@Hfootnote=\count295
)
Package scrhack Info: hyperref hack deactivated because of
(scrhack)             detection of hyperref version, that doesn't
(scrhack)             need that hack, on input line 108.


Package hyperref Message: Driver (autodetected): hxetex.

(/usr/local/texlive/2014/texmf-dist/tex/latex/hyperref/hxetex.def
File: hxetex.def 2012/11/06 v6.83m Hyperref driver for XeTeX

(/usr/local/texlive/2014/texmf-dist/tex/latex/hyperref/puenc.def
File: puenc.def 2012/11/06 v6.83m Hyperref: PDF Unicode definition (HO)
)
(/usr/local/texlive/2014/texmf-dist/tex/generic/oberdiek/stringenc.sty
Package: stringenc 2011/12/02 v1.10 Convert strings between diff. encodings (HO
)
)
\pdfm@box=\box57
\c@Hy@AnnotLevel=\count296
\HyField@AnnotCount=\count297
\Fld@listcount=\count298
\c@bookmark@seq@number=\count299
\Hy@SectionHShift=\skip89
)
(/usr/local/texlive/2014/texmf-dist/tex/latex/oberdiek/bookmark.sty
Package: bookmark 2011/12/02 v1.24 PDF bookmarks (HO)

(/usr/local/texlive/2014/texmf-dist/tex/latex/oberdiek/bkm-dvipdfm.def
File: bkm-dvipdfm.def 2011/12/02 v1.24 bookmark driver for dvipdfm (HO)
\BKM@id=\count300
))
Package hyperref Info: Option `unicode' set `true' on input line 113.

(/usr/local/texlive/2014/texmf-dist/tex/generic/oberdiek/se-ascii-print.def
File: se-ascii-print.def 2011/12/02 v1.10 stringenc: Printable ASCII characters

)
(/usr/local/texlive/2014/texmf-dist/tex/latex/cleveref/cleveref.sty
Package: cleveref 2013/12/28 v0.19 Intelligent cross-referencing
Package cleveref Info: `hyperref' support loaded on input line 2230.
LaTeX Info: Redefining \cref on input line 2230.
LaTeX Info: Redefining \Cref on input line 2230.
LaTeX Info: Redefining \crefrange on input line 2230.
LaTeX Info: Redefining \Crefrange on input line 2230.
LaTeX Info: Redefining \cpageref on input line 2230.
LaTeX Info: Redefining \Cpageref on input line 2230.
LaTeX Info: Redefining \cpagerefrange on input line 2230.
LaTeX Info: Redefining \Cpagerefrange on input line 2230.
LaTeX Info: Redefining \labelcref on input line 2230.
LaTeX Info: Redefining \labelcpageref on input line 2230.
Package cleveref Info: `varioref' support loaded on input line 2453.
Package cleveref Info: `cleveref' supersedes `varioref's \labelformatcommand on
 input line 2453.
LaTeX Info: Redefining \vref on input line 2453.
LaTeX Info: Redefining \Vref on input line 2453.
LaTeX Info: Redefining \vrefrange on input line 2453.
LaTeX Info: Redefining \fullref on input line 2453.
Package cleveref Info: `subfig' support loaded on input line 2983.
))
(/usr/local/texlive/2014/texmf-dist/tex/latex/wallpaper/wallpaper.sty
Package: wallpaper 2005/01/18, v1.01 easy wallpaper formatting (MHFW)

(/usr/local/texlive/2014/texmf-dist/tex/latex/base/ifthen.sty
Package: ifthen 2014/09/29 v1.1c Standard LaTeX ifthen package (DPC)
)
(/usr/local/texlive/2014/texmf-dist/tex/latex/eso-pic/eso-pic.sty
Package: eso-pic 2013/10/06 v2.0d eso-pic (RN)
)
\wpXoffset=\skip90
\wpYoffset=\skip91
\tileXoffset=\skip92
\tileYoffset=\skip93
\tilewidth=\skip94
\tileheight=\skip95
\tileX=\skip96
\tileY=\skip97
)
\ritsiheight=\skip98
)
(./report.aux
\c@pagesLTS.arabic.1.local.cnt=\count301
)
\openout1 = `report.aux'.

LaTeX Font Info:    Checking defaults for OML/cmm/m/it on input line 7.
LaTeX Font Info:    ... okay on input line 7.
LaTeX Font Info:    Checking defaults for T1/cmr/m/n on input line 7.
LaTeX Font Info:    ... okay on input line 7.
LaTeX Font Info:    Checking defaults for OT1/cmr/m/n on input line 7.
LaTeX Font Info:    ... okay on input line 7.
LaTeX Font Info:    Checking defaults for OMS/cmsy/m/n on input line 7.
LaTeX Font Info:    ... okay on input line 7.
LaTeX Font Info:    Checking defaults for OMX/cmex/m/n on input line 7.
LaTeX Font Info:    ... okay on input line 7.
LaTeX Font Info:    Checking defaults for U/cmr/m/n on input line 7.
LaTeX Font Info:    ... okay on input line 7.
LaTeX Font Info:    Checking defaults for EU1/lmr/m/n on input line 7.
LaTeX Font Info:    ... okay on input line 7.
LaTeX Font Info:    Checking defaults for T3/cmr/m/n on input line 7.
LaTeX Font Info:    Try loading font information for T3+cmr on input line 7.
 (/usr/local/texlive/2014/texmf-dist/tex/latex/tipa/t3cmr.fd
File: t3cmr.fd 2001/12/31 TIPA font definitions
)
LaTeX Font Info:    ... okay on input line 7.
LaTeX Font Info:    Checking defaults for TS1/cmr/m/n on input line 7.
LaTeX Font Info:    ... okay on input line 7.
LaTeX Font Info:    Checking defaults for PD1/pdf/m/n on input line 7.
LaTeX Font Info:    ... okay on input line 7.
LaTeX Font Info:    Checking defaults for PU/pdf/m/n on input line 7.
LaTeX Font Info:    ... okay on input line 7.
Package nag Info: Attempting subfig hack.
Package nag Info: OK, equivalent to subfig 1.3, redefining \sf@@@subfloat.
Package nag Info: Command \frontmatter not defined, skipping amendment on input
 line 7.
Package nag Info: Command \mainmatter not defined, skipping amendment on input 
line 7.
Package nag Info: Command \backmatter not defined, skipping amendment on input 
line 7.
Package nag Info: Command \RaggedLeft not defined, skipping amendment on input 
line 7.
Package nag Info: Command \RaggedRight not defined, skipping amendment on input
 line 7.
LaTeX Info: Redefining \microtypecontext on input line 7.
Package microtype Info: Character protrusion enabled (level 2).
Package microtype Info: Using default protrusion set `alltext'.
Package microtype Info: No adjustment of tracking.
Package microtype Info: No adjustment of spacing.
Package microtype Info: No adjustment of kerning.
Package microtype Info: Loading generic settings for font family
(microtype)             `Play' (encoding: EU1).
(microtype)             For optimal results, create family-specific settings.
(microtype)             See the microtype manual for details.
LaTeX Info: Redefining \dots on input line 7.
Package caption Info: Begin \AtBeginDocument code.
Package caption Info: subfig package v1.3 is loaded.
Package caption Info: hyperref package is loaded.
Package caption Info: End \AtBeginDocument code.
\g__fontspec_family_latinmodern-math.otf_int=\count302
.................................................
. fontspec info: "defining-font"
. 
. Font family 'latinmodern-math.otf(0)' created for font
. 'latinmodern-math.otf' with options
. [Ligatures=TeX,BoldItalicFont={},ItalicFont={},Script=Math,SizeFeatures={{Siz
e=12-},{Size=8-12,Font=latinmodern-math.otf,Style=MathScript},{Size=-8,Font=lat
inmodern-math.otf,Style=MathScriptScript}},BoldFont={latinmodern-math.otf}].
. 
. This font family consists of the following shapes:
. 
. * 'normal' with NFSS spec.:
. 
. <12->"[latinmodern-math.otf]/OT:script=math;language=DFLT;mapping=tex-text;"<
8-12>"[latinmodern-math.otf]/OT:script=math;language=DFLT;mapping=tex-text;+sst
y=0;"<-8>"[latinmodern-math.otf]/OT:script=math;language=DFLT;mapping=tex-text;
+ssty=1;"
. 
. * 'small caps' with NFSS spec.:
. 
. and font adjustment code:
. 
. 
. * 'bold' with NFSS spec.:
. <->"[latinmodern-math.otf]/OT:script=math;language=DFLT;mapping=tex-text;"
. 
. * 'bold small caps' with NFSS spec.:
. 
. and font adjustment code:
. 
.................................................
Package microtype Info: Loading generic settings for font family
(microtype)             `latinmodern-math.otf' (encoding: EU1).
(microtype)             For optimal results, create family-specific settings.
(microtype)             See the microtype manual for details.
LaTeX Font Info:    Encoding `OT1' has changed to `EU1' for symbol font
(Font)              `operators' in the math version `normal' on input line 7.
LaTeX Font Info:    Overwriting symbol font `operators' in version `normal'
(Font)                  OT1/cmr/m/n --> EU1/latinmodern-math.otf(0)/m/n on inpu
t line 7.
LaTeX Font Info:    Encoding `OT1' has changed to `EU1' for symbol font
(Font)              `operators' in the math version `bold' on input line 7.
LaTeX Font Info:    Overwriting symbol font `operators' in version `bold'
(Font)                  OT1/cmr/bx/n --> EU1/latinmodern-math.otf(0)/bx/n on in
put line 7.
.................................................
. fontspec info: "defining-font"
. 
. Font family 'latinmodern-math.otf(1)' created for font
. 'latinmodern-math.otf' with options
. [Ligatures=TeX,BoldItalicFont={},ItalicFont={},Script=Math,SizeFeatures={{Siz
e=12-},{Size=8-12,Font=latinmodern-math.otf,Style=MathScript},{Size=-8,Font=lat
inmodern-math.otf,Style=MathScriptScript}},BoldFont={latinmodern-math.otf},Scal
e=1.00001,FontAdjustment={\fontdimen
. 8\font =8.124pt\relax \relax \fontdimen 9\font =4.728pt\relax \relax
. \fontdimen 10\font =5.328pt\relax \relax \fontdimen 11\font =8.232pt\relax
. \relax \fontdimen 12\font =4.14pt\relax \relax \fontdimen 13\font
. =4.356pt\relax \relax \fontdimen 14\font =4.356pt\relax \relax \fontdimen
. 15\font =3.468pt\relax \relax \fontdimen 16\font =2.964pt\relax \relax
. \fontdimen 17\font =2.964pt\relax \relax \fontdimen 18\font =3.0pt\relax
. \relax \fontdimen 19\font =2.4pt\relax \relax \fontdimen 20\font =0pt\relax
. \fontdimen 21\font =0pt\relax \fontdimen 22\font =3.0pt\relax \relax }].
. 
. This font family consists of the following shapes:
. 
. * 'normal' with NFSS spec.:
. 
. <12->s*[1.00001]"[latinmodern-math.otf]/OT:script=math;language=DFLT;mapping=
tex-text;"<8-12>s*[1.00001]"[latinmodern-math.otf]/OT:script=math;language=DFLT
;mapping=tex-text;+ssty=0;"<-8>s*[1.00001]"[latinmodern-math.otf]/OT:script=mat
h;language=DFLT;mapping=tex-text;+ssty=1;"
. 
. * 'small caps' with NFSS spec.:
. 
. and font adjustment code:
. \fontdimen 8\font =8.124pt\relax \relax \fontdimen 9\font =4.728pt\relax
. \relax \fontdimen 10\font =5.328pt\relax \relax \fontdimen 11\font
. =8.232pt\relax \relax \fontdimen 12\font =4.14pt\relax \relax \fontdimen
. 13\font =4.356pt\relax \relax \fontdimen 14\font =4.356pt\relax \relax
. \fontdimen 15\font =3.468pt\relax \relax \fontdimen 16\font =2.964pt\relax
. \relax \fontdimen 17\font =2.964pt\relax \relax \fontdimen 18\font
. =3.0pt\relax \relax \fontdimen 19\font =2.4pt\relax \relax \fontdimen
. 20\font =0pt\relax \fontdimen 21\font =0pt\relax \fontdimen 22\font
. =3.0pt\relax \relax 
. 
. * 'bold' with NFSS spec.:
. 
. <->s*[1.00001]"[latinmodern-math.otf]/OT:script=math;language=DFLT;mapping=te
x-text;"
. 
. * 'bold small caps' with NFSS spec.:
. 
. and font adjustment code:
. \fontdimen 8\font =8.124pt\relax \relax \fontdimen 9\font =4.728pt\relax
. \relax \fontdimen 10\font =5.328pt\relax \relax \fontdimen 11\font
. =8.232pt\relax \relax \fontdimen 12\font =4.14pt\relax \relax \fontdimen
. 13\font =4.356pt\relax \relax \fontdimen 14\font =4.356pt\relax \relax
. \fontdimen 15\font =3.468pt\relax \relax \fontdimen 16\font =2.964pt\relax
. \relax \fontdimen 17\font =2.964pt\relax \relax \fontdimen 18\font
. =3.0pt\relax \relax \fontdimen 19\font =2.4pt\relax \relax \fontdimen
. 20\font =0pt\relax \fontdimen 21\font =0pt\relax \fontdimen 22\font
. =3.0pt\relax \relax 
.................................................
LaTeX Font Info:    Encoding `OMS' has changed to `EU1' for symbol font
(Font)              `symbols' in the math version `normal' on input line 7.
LaTeX Font Info:    Overwriting symbol font `symbols' in version `normal'
(Font)                  OMS/cmsy/m/n --> EU1/latinmodern-math.otf(1)/m/n on inp
ut line 7.
LaTeX Font Info:    Encoding `OMS' has changed to `EU1' for symbol font
(Font)              `symbols' in the math version `bold' on input line 7.
LaTeX Font Info:    Overwriting symbol font `symbols' in version `bold'
(Font)                  OMS/cmsy/b/n --> EU1/latinmodern-math.otf(1)/bx/n on in
put line 7.
.................................................
. fontspec info: "defining-font"
. 
. Font family 'latinmodern-math.otf(2)' created for font
. 'latinmodern-math.otf' with options
. [Ligatures=TeX,BoldItalicFont={},ItalicFont={},Script=Math,SizeFeatures={{Siz
e=12-},{Size=8-12,Font=latinmodern-math.otf,Style=MathScript},{Size=-8,Font=lat
inmodern-math.otf,Style=MathScriptScript}},BoldFont={latinmodern-math.otf},Scal
e=0.99999,FontAdjustment={\fontdimen
. 8\font =0.48pt\relax \relax \fontdimen 9\font =2.4pt\relax \relax \fontdimen
. 10\font =2.004pt\relax \relax \fontdimen 11\font =1.332pt\relax \relax
. \fontdimen 12\font =7.2pt\relax \relax \fontdimen 13\font =0pt\relax }].
. 
. This font family consists of the following shapes:
. 
. * 'normal' with NFSS spec.:
. 
. <12->s*[0.99999]"[latinmodern-math.otf]/OT:script=math;language=DFLT;mapping=
tex-text;"<8-12>s*[0.99999]"[latinmodern-math.otf]/OT:script=math;language=DFLT
;mapping=tex-text;+ssty=0;"<-8>s*[0.99999]"[latinmodern-math.otf]/OT:script=mat
h;language=DFLT;mapping=tex-text;+ssty=1;"
. 
. * 'small caps' with NFSS spec.:
. 
. and font adjustment code:
. \fontdimen 8\font =0.48pt\relax \relax \fontdimen 9\font =2.4pt\relax \relax
. \fontdimen 10\font =2.004pt\relax \relax \fontdimen 11\font =1.332pt\relax
. \relax \fontdimen 12\font =7.2pt\relax \relax \fontdimen 13\font =0pt\relax 
. 
. * 'bold' with NFSS spec.:
. 
. <->s*[0.99999]"[latinmodern-math.otf]/OT:script=math;language=DFLT;mapping=te
x-text;"
. 
. * 'bold small caps' with NFSS spec.:
. 
. and font adjustment code:
. \fontdimen 8\font =0.48pt\relax \relax \fontdimen 9\font =2.4pt\relax \relax
. \fontdimen 10\font =2.004pt\relax \relax \fontdimen 11\font =1.332pt\relax
. \relax \fontdimen 12\font =7.2pt\relax \relax \fontdimen 13\font =0pt\relax 
.................................................
LaTeX Font Info:    Encoding `OMX' has changed to `EU1' for symbol font
(Font)              `largesymbols' in the math version `normal' on input line 7
.
LaTeX Font Info:    Overwriting symbol font `largesymbols' in version `normal'
(Font)                  OMX/cmex/m/n --> EU1/latinmodern-math.otf(2)/m/n on inp
ut line 7.
LaTeX Font Info:    Encoding `OMX' has changed to `EU1' for symbol font
(Font)              `largesymbols' in the math version `bold' on input line 7.
LaTeX Font Info:    Overwriting symbol font `largesymbols' in version `bold'
(Font)                  OMX/cmex/m/n --> EU1/latinmodern-math.otf(2)/bx/n on in
put line 7.

*geometry* driver: auto-detecting
*geometry* detected driver: xetex
*geometry* verbose mode - [ preamble ] result:
* driver: xetex
* paper: a4paper
* layout: <same size as paper>
* layoutoffset:(h,v)=(0.0pt,0.0pt)
* modes: includehead includefoot twoside 
* h-part:(L,W,R)=(56.9055pt, 483.69687pt, 56.9055pt)
* v-part:(T,H,B)=(56.9055pt, 731.23584pt, 56.9055pt)
* \paperwidth=597.50787pt
* \paperheight=845.04684pt
* \textwidth=483.69687pt
* \textheight=633.49767pt
* \oddsidemargin=-15.36449pt
* \evensidemargin=-15.36449pt
* \topmargin=-15.36449pt
* \headheight=55.48277pt
* \headsep=14.22636pt
* \topskip=12.0pt
* \footskip=17.07182pt
* \marginparwidth=74.68849pt
* \marginparsep=12.8401pt
* \columnsep=10.0pt
* \skip\footins=10.8pt plus 4.0pt minus 2.0pt
* \hoffset=0.0pt
* \voffset=0.0pt
* \mag=1000
* \@twocolumnfalse
* \@twosidetrue
* \@mparswitchtrue
* \@reversemarginfalse
* (1in=72.27pt=25.4mm, 1cm=28.453pt)

ABD: EveryShipout initializing macros
(/usr/local/texlive/2014/texmf-dist/tex/latex/beamer/translator/dicts/translato
r-basic-dictionary/translator-basic-dictionary-English.dict
Dictionary: translator-basic-dictionary, Language: English 
)
(/usr/local/texlive/2014/texmf-dist/tex/latex/siunitx/siunitx-abbreviations.cfg
File: siunitx-abbreviations.cfg 2015/01/21 v2.6e siunitx: Abbreviated units
) (/usr/local/texlive/2014/texmf-dist/tex/latex/siunitx/siunitx-binary.cfg
File: siunitx-binary.cfg 2015/01/21 v2.6e siunitx: Binary units
)
\c@minilofdepth=\count303
\c@minilotdepth=\count304
\c@partlofdepth=\count305
\c@partlotdepth=\count306
\c@sectlofdepth=\count307
\c@sectlotdepth=\count308
\AtBeginShipoutBox=\box58
Package hyperref Info: Link coloring OFF on input line 7.

(/usr/local/texlive/2014/texmf-dist/tex/latex/hyperref/nameref.sty
Package: nameref 2012/10/27 v2.43 Cross-referencing by name of section

(/usr/local/texlive/2014/texmf-dist/tex/generic/oberdiek/gettitlestring.sty
Package: gettitlestring 2010/12/03 v1.4 Cleanup title references (HO)
)
\c@section@level=\count309
LaTeX Info: Redefining \Ref on input line 513.
)
LaTeX Info: Redefining \ref on input line 7.
LaTeX Info: Redefining \pageref on input line 7.
LaTeX Info: Redefining \nameref on input line 7.
LaTeX Info: Redefining \Ref on input line 7.
\c@pagesLTS.pnc.arabic=\count310
\c@pagesLTS.double.arabic=\count311
\c@pagesLTS.current.local.arabic=\count312
LaTeX Font Info:    Font shape `EU1/latinmodern-math.otf(1)/m/n' will be
(Font)              scaled to size 24.88037pt on input line 7.
LaTeX Font Info:    Font shape `EU1/latinmodern-math.otf(1)/m/n' will be
(Font)              scaled to size 20.74031pt on input line 7.
LaTeX Font Info:    Font shape `EU1/latinmodern-math.otf(1)/m/n' will be
(Font)              scaled to size 17.28026pt on input line 7.
LaTeX Font Info:    Font shape `EU1/latinmodern-math.otf(2)/m/n' will be
(Font)              scaled to size 24.87962pt on input line 7.
LaTeX Font Info:    Font shape `EU1/latinmodern-math.otf(2)/m/n' will be
(Font)              scaled to size 20.73969pt on input line 7.
LaTeX Font Info:    Font shape `EU1/latinmodern-math.otf(2)/m/n' will be
(Font)              scaled to size 17.27972pt on input line 7.
LaTeX Font Info:    Font shape `EU1/latinmodern-math.otf(1)/m/n' will be
(Font)              scaled to size 12.00018pt on input line 7.
LaTeX Font Info:    Font shape `EU1/latinmodern-math.otf(1)/m/n' will be
(Font)              scaled to size 8.40009pt on input line 7.
LaTeX Font Info:    Font shape `EU1/latinmodern-math.otf(1)/m/n' will be
(Font)              scaled to size 6.00009pt on input line 7.
LaTeX Font Info:    Font shape `EU1/latinmodern-math.otf(2)/m/n' will be
(Font)              scaled to size 11.99982pt on input line 7.
LaTeX Font Info:    Font shape `EU1/latinmodern-math.otf(2)/m/n' will be
(Font)              scaled to size 8.39983pt on input line 7.
LaTeX Font Info:    Font shape `EU1/latinmodern-math.otf(2)/m/n' will be
(Font)              scaled to size 5.99991pt on input line 7.
File: img/portada.pdf Graphic file (type QTm)

<use  "img/portada.pdf" > [1



]
LaTeX Font Info:    Font shape `EU1/Play(1)/m/n' will be
(Font)              scaled to size 12.0pt on input line 7.
LaTeX Font Info:    Font shape `EU1/Play(1)/bx/n' will be
(Font)              scaled to size 12.0pt on input line 7.
LaTeX Font Info:    Font shape `EU1/Play(1)/bx/n' will be
(Font)              scaled to size 24.88pt on input line 7.
Package tocbasic Info: character protrusion at toc deactivated on input line 7.

 (./report.toc
Package cleveref Info: loaded `spanish' language definitions on input line 1.
Package cleveref Info: loaded `spanish' language definitions on input line 2.
)
\tf@toc=\write4
\openout4 = `report.toc'.

Package nag Info: Command \hc@caption not defined, skipping amendment on input 
line 7.
Package nag Info: Command \topcaption not defined, skipping amendment on input 
line 7.
\c__siunitx_mathsf_int=\count313
\c__siunitx_mathtt_int=\count314
File: img/ritsi-logo.pdf Graphic file (type QTm)
 <use  "img/ritsi-logo.pdf" >
[2

]
Captulo 1.
LaTeX Font Info:    Font shape `EU1/Play(1)/bx/n' will be
(Font)              scaled to size 17.28pt on input line 11.
File: img/ritsi-logo.pdf Graphic file (type QTm)
<use  "img/ritsi-logo.pdf" > [3

]
File: img/ritsi-logo.pdf Graphic file (type QTm)
 <use  "img/ritsi-logo.pdf" > [4]
Underfull \vbox (badness 10000) has occurred while \output is active []

File: img/ritsi-logo.pdf Graphic file (type QTm)

<use  "img/ritsi-logo.pdf" > [5]
Underfull \vbox (badness 10000) has occurred while \output is active []

File: img/ritsi-logo.pdf Graphic file (type QTm)

<use  "img/ritsi-logo.pdf" > [6] 
AED: pageslts setting LastPage 
File: img/ritsi-logo.pdf Graphic file (type QTm)
<use  "img/ritsi-logo.pdf" > [7]
Package minitoc Info: I0009
(minitoc)             Listing minitoc auxiliary files. 
(minitoc)             Creating the report.maf file.
\openout3 = `report.maf'.


No complaints by nag.
Package atveryend Info: Empty hook `BeforeClearDocument' on input line 69.
Package atveryend Info: Executing hook `AfterLastShipout' on input line 69.
\c@pagesLTS.arabic.1.local.count=\count315

AED: pageslts setting VeryLastPage via AfterLastShipout 

AED: pageslts setting LastPages via AfterLastShipout 


Package pageslts Info: Total number of pages is odd.


(./report.aux
Package cleveref Info: loaded `spanish' language definitions on input line 24.
Package cleveref Info: loaded `spanish' language definitions on input line 28.
)
Package atveryend Info: Empty hook `AtVeryEndDocument' on input line 69.
Package atveryend Info: Executing hook `AtEndAfterFileList' on input line 69.
 ) 
Here is how much of TeX's memory you used:
 39821 strings out of 493724
 737507 string characters out of 6145900
 1079904 words of memory out of 5000000
 42489 multiletter control sequences out of 15000+600000
 7918 words of font info for 64 fonts, out of 8000000 for 9000
 1328 hyphenation exceptions out of 8191
 83i,18n,116p,10463b,781s stack positions out of 5000i,500n,10000p,200000b,80000s

Output written on report.pdf (7 pages).
