This is XeTeX, Version 3.1415926-2.5-0.9999.3 (TeX Live 2013/Debian) (format=xelatex 2015.4.7)  12 JUN 2015 19:39
entering extended mode
 \write18 enabled.
 %&-line parsing enabled.
**main.tex
(./main.tex
LaTeX2e <2011/06/27>
Babel <3.9h> and hyphenation patterns for 5 languages loaded.
(./Thesis.cls
Document Class: Thesis 2007/22/02 v1.0 LaTeX document class
(/home/martin/texmf/tex/latex/base/book.cls
Document Class: book 2014/09/29 v1.4h Standard LaTeX document class
(/home/martin/texmf/tex/latex/base/bk11.clo
File: bk11.clo 2014/09/29 v1.4h Standard LaTeX file (size option)
)
\c@part=\count80
\c@chapter=\count81
\c@section=\count82
\c@subsection=\count83
\c@subsubsection=\count84
\c@paragraph=\count85
\c@subparagraph=\count86
\c@figure=\count87
\c@table=\count88
\abovecaptionskip=\skip41
\belowcaptionskip=\skip42
\bibindent=\dimen102
)
(/usr/share/texlive/texmf-dist/tex/latex/setspace/setspace.sty
Package: setspace 2011/12/19 v6.7a set line spacing
)
(/home/martin/texmf/tex/latex/vmargin/vmargin.sty
Package: vmargin 2004/07/15 V2.5 set document margins (VK)

Package: vmargin 2004/07/15 V2.5 set document margins (VK)
\PaperWidth=\dimen103
\PaperHeight=\dimen104
) (/home/martin/texmf/tex/latex/fancyhdr/fancyhdr.sty
\fancy@headwidth=\skip43
\f@ncyO@elh=\skip44
\f@ncyO@erh=\skip45
\f@ncyO@olh=\skip46
\f@ncyO@orh=\skip47
\f@ncyO@elf=\skip48
\f@ncyO@erf=\skip49
\f@ncyO@olf=\skip50
\f@ncyO@orf=\skip51
)
(/home/martin/texmf/tex/latex/amsmath/amsmath.sty
Package: amsmath 2013/01/14 v2.14 AMS math features
\@mathmargin=\skip52

For additional information on amsmath, use the `?' option.
(/home/martin/texmf/tex/latex/amsmath/amstext.sty
Package: amstext 2000/06/29 v2.01

(/home/martin/texmf/tex/latex/amsmath/amsgen.sty
File: amsgen.sty 1999/11/30 v2.0
\@emptytoks=\toks14
\ex@=\dimen105
))
(/home/martin/texmf/tex/latex/amsmath/amsbsy.sty
Package: amsbsy 1999/11/29 v1.2d
\pmbraise@=\dimen106
)
(/home/martin/texmf/tex/latex/amsmath/amsopn.sty
Package: amsopn 1999/12/14 v2.01 operator names
)
\inf@bad=\count89
LaTeX Info: Redefining \frac on input line 210.
\uproot@=\count90
\leftroot@=\count91
LaTeX Info: Redefining \overline on input line 306.
\classnum@=\count92
\DOTSCASE@=\count93
LaTeX Info: Redefining \ldots on input line 378.
LaTeX Info: Redefining \dots on input line 381.
LaTeX Info: Redefining \cdots on input line 466.
\Mathstrutbox@=\box26
\strutbox@=\box27
\big@size=\dimen107
LaTeX Font Info:    Redeclaring font encoding OML on input line 566.
LaTeX Font Info:    Redeclaring font encoding OMS on input line 567.
\macc@depth=\count94
\c@MaxMatrixCols=\count95
\dotsspace@=\muskip10
\c@parentequation=\count96
\dspbrk@lvl=\count97
\tag@help=\toks15
\row@=\count98
\column@=\count99
\maxfields@=\count100
\andhelp@=\toks16
\eqnshift@=\dimen108
\alignsep@=\dimen109
\tagshift@=\dimen110
\tagwidth@=\dimen111
\totwidth@=\dimen112
\lineht@=\dimen113
\@envbody=\toks17
\multlinegap=\skip53
\multlinetaggap=\skip54
\mathdisplay@stack=\toks18
LaTeX Info: Redefining \[ on input line 2665.
LaTeX Info: Redefining \] on input line 2666.
)
(/usr/share/texlive/texmf-dist/tex/latex/amsfonts/amsfonts.sty
Package: amsfonts 2013/01/14 v3.01 Basic AMSFonts support
\symAMSa=\mathgroup4
\symAMSb=\mathgroup5
LaTeX Font Info:    Overwriting math alphabet `\mathfrak' in version `bold'
(Font)                  U/euf/m/n --> U/euf/b/n on input line 106.
)
(/usr/share/texlive/texmf-dist/tex/latex/amsfonts/amssymb.sty
Package: amssymb 2013/01/14 v3.01 AMS font symbols
)
(/home/martin/texmf/tex/latex/amsmath/amscd.sty
Package: amscd 1999/11/29 v2.0
\athelp@=\toks19
\minaw@=\dimen114
\bigaw@=\dimen115
\minCDarrowwidth=\dimen116
)
(/home/martin/texmf/tex/latex/amscls/amsthm.sty
Package: amsthm 2009/07/02 v2.20.1
\thm@style=\toks20
\thm@bodyfont=\toks21
\thm@headfont=\toks22
\thm@notefont=\toks23
\thm@headpunct=\toks24
\thm@preskip=\skip55
\thm@postskip=\skip56
\thm@headsep=\skip57
\dth@everypar=\toks25
)
(/home/martin/texmf/tex/latex/tools/xspace.sty
Package: xspace 2014/10/28 v1.13 Space after command names (DPC,MH)
)
\c@example=\count101
\c@theorem=\count102

(/usr/share/texlive/texmf-dist/tex/latex/caption/caption.sty
Package: caption 2013/05/02 v3.3-89 Customizing captions (AR)

(/usr/share/texlive/texmf-dist/tex/latex/caption/caption3.sty
Package: caption3 2013/05/02 v1.6-88 caption3 kernel (AR)
Package caption3 Info: TeX engine: e-TeX on input line 57.

(/home/martin/texmf/tex/latex/graphics/keyval.sty
Package: keyval 2014/10/28 v1.15 key=value parser (DPC)
\KV@toks@=\toks26
)
\captionmargin=\dimen117
\captionmargin@=\dimen118
\captionwidth=\dimen119
\caption@tempdima=\dimen120
\caption@indent=\dimen121
\caption@parindent=\dimen122
\caption@hangindent=\dimen123
)
\c@ContinuedFloat=\count103
)
(/home/martin/texmf/tex/latex/graphics/graphicx.sty
Package: graphicx 2014/10/28 v1.0g Enhanced LaTeX Graphics (DPC,SPQR)

(/home/martin/texmf/tex/latex/graphics/graphics.sty
Package: graphics 2014/10/28 v1.0p Standard LaTeX Graphics (DPC,SPQR)

(/home/martin/texmf/tex/latex/graphics/trig.sty
Package: trig 1999/03/16 v1.09 sin cos tan (DPC)
)
(/home/martin/texmf/tex/latex/latexconfig/graphics.cfg
File: graphics.cfg 2010/04/23 v1.9 graphics configuration of TeX Live
)
Package graphics Info: Driver file: xetex.def on input line 91.

(/usr/share/texlive/texmf-dist/tex/xelatex/xetex-def/xetex.def
File: xetex.def 2013/04/29 v0.96 LaTeX color/graphics driver for XeTeX (RRM/JK)

))
\Gin@req@height=\dimen124
\Gin@req@width=\dimen125
)
(/home/martin/texmf/tex/latex/oberdiek/epstopdf.sty
Package: epstopdf 2010/02/09 v2.5 Conversion with epstopdf on the fly (HO)

(/home/martin/texmf/tex/latex/oberdiek/epstopdf-base.sty
Package: epstopdf-base 2010/02/09 v2.5 Base part for package epstopdf

(/home/martin/texmf/tex/generic/oberdiek/infwarerr.sty
Package: infwarerr 2010/04/08 v1.3 Providing info/warning/error messages (HO)
)
(/home/martin/texmf/tex/latex/oberdiek/grfext.sty
Package: grfext 2010/08/19 v1.1 Manage graphics extensions (HO)

(/home/martin/texmf/tex/generic/oberdiek/kvdefinekeys.sty
Package: kvdefinekeys 2011/04/07 v1.3 Define keys (HO)

(/home/martin/texmf/tex/generic/oberdiek/ltxcmds.sty
Package: ltxcmds 2011/11/09 v1.22 LaTeX kernel commands for general use (HO)
)))
(/home/martin/texmf/tex/latex/oberdiek/kvoptions.sty
Package: kvoptions 2011/06/30 v3.11 Key value format for package options (HO)

(/home/martin/texmf/tex/generic/oberdiek/kvsetkeys.sty
Package: kvsetkeys 2012/04/25 v1.16 Key value parser (HO)

(/home/martin/texmf/tex/generic/oberdiek/etexcmds.sty
Package: etexcmds 2011/02/16 v1.5 Avoid name clashes with e-TeX commands (HO)

(/usr/share/texlive/texmf-dist/tex/generic/oberdiek/ifluatex.sty
Package: ifluatex 2010/03/01 v1.3 Provides the ifluatex switch (HO)
Package ifluatex Info: LuaTeX not detected.
)
Package etexcmds Info: Could not find \expanded.
(etexcmds)             That can mean that you are not using pdfTeX 1.50 or
(etexcmds)             that some package has redefined \expanded.
(etexcmds)             In the latter case, load this package earlier.
)))
(/home/martin/texmf/tex/generic/oberdiek/pdftexcmds.sty
Package: pdftexcmds 2011/11/29 v0.20 Utility functions of pdfTeX for LuaTeX (HO
)

(/home/martin/texmf/tex/generic/oberdiek/ifpdf.sty
Package: ifpdf 2011/01/30 v2.3 Provides the ifpdf switch (HO)
Package ifpdf Info: pdfTeX in PDF mode is not detected.
)
Package pdftexcmds Info: LuaTeX not detected.
Package pdftexcmds Info: pdfTeX >= 1.30 not detected.
Package pdftexcmds Info: \pdf@primitive is available.
Package pdftexcmds Info: \pdf@ifprimitive is available.
Package pdftexcmds Info: \pdfdraftmode not found.
)

Package epstopdf Warning: Drivers other than `pdftex.def' are not supported.

)) (/home/martin/texmf/tex/latex/subfigure/subfigure.sty
Package: subfigure 2002/03/15 v2.1.5 subfigure package
\subfigtopskip=\skip58
\subfigcapskip=\skip59
\subfigcaptopadj=\dimen126
\subfigbottomskip=\skip60
\subfigcapmargin=\dimen127
\subfiglabelskip=\skip61
\c@subfigure=\count104
\c@lofdepth=\count105
\c@subtable=\count106
\c@lotdepth=\count107

****************************************
* Local config file subfigure.cfg used *
****************************************
(/home/martin/texmf/tex/latex/subfigure/subfigure.cfg)
\subfig@top=\skip62
\subfig@bottom=\skip63
)
(/usr/share/texlive/texmf-dist/tex/latex/booktabs/booktabs.sty
Package: booktabs 2005/04/14 v1.61803 publication quality tables
\heavyrulewidth=\dimen128
\lightrulewidth=\dimen129
\cmidrulewidth=\dimen130
\belowrulesep=\dimen131
\belowbottomsep=\dimen132
\aboverulesep=\dimen133
\abovetopsep=\dimen134
\cmidrulesep=\dimen135
\cmidrulekern=\dimen136
\defaultaddspace=\dimen137
\@cmidla=\count108
\@cmidlb=\count109
\@aboverulesep=\dimen138
\@belowrulesep=\dimen139
\@thisruleclass=\count110
\@lastruleclass=\count111
\@thisrulewidth=\dimen140
)
(/usr/share/texlive/texmf-dist/tex/latex/rotating/rotating.sty
Package: rotating 2009/03/28 v2.16a rotated objects in LaTeX

(/home/martin/texmf/tex/latex/base/ifthen.sty
Package: ifthen 2014/09/29 v1.1c Standard LaTeX ifthen package (DPC)
)
\c@r@tfl@t=\count112
\rotFPtop=\skip64
\rotFPbot=\skip65
\rot@float@box=\box28
\rot@mess@toks=\toks27
)
(/usr/share/texlive/texmf-dist/tex/latex/listings/listings.sty
\lst@mode=\count113
\lst@gtempboxa=\box29
\lst@token=\toks28
\lst@length=\count114
\lst@currlwidth=\dimen141
\lst@column=\count115
\lst@pos=\count116
\lst@lostspace=\dimen142
\lst@width=\dimen143
\lst@newlines=\count117
\lst@lineno=\count118
\lst@maxwidth=\dimen144
 (./lstpatch.sty

***
*** This is a patch for listings 1.3, but you're using
*** version 1.5b.
***
*** Patch file not loaded.
***

) (/usr/share/texlive/texmf-dist/tex/latex/listings/lstmisc.sty
File: lstmisc.sty 2013/08/26 1.5b (Carsten Heinz)
\c@lstnumber=\count119
\lst@skipnumbers=\count120
\lst@framebox=\box30
)
(/usr/share/texlive/texmf-dist/tex/latex/listings/listings.cfg
File: listings.cfg 2013/08/26 1.5b listings configuration
))
Package: listings 2013/08/26 1.5b (Carsten Heinz)

(./lstpatch.sty

***
*** This is a patch for listings 1.3, but you're using
*** version 1.5b.
***
 *** Patch file not loaded.
***

) (/home/martin/texmf/tex/latex/hyperref/hyperref.sty
Package: hyperref 2012/11/06 v6.83m Hypertext links for LaTeX

(/home/martin/texmf/tex/generic/oberdiek/hobsub-hyperref.sty
Package: hobsub-hyperref 2012/05/28 v1.13 Bundle oberdiek, subset hyperref (HO)


(/home/martin/texmf/tex/generic/oberdiek/hobsub-generic.sty
Package: hobsub-generic 2012/05/28 v1.13 Bundle oberdiek, subset generic (HO)
Package: hobsub 2012/05/28 v1.13 Construct package bundles (HO)
Package hobsub Info: Skipping package `infwarerr' (already loaded).
Package hobsub Info: Skipping package `ltxcmds' (already loaded).
Package hobsub Info: Skipping package `ifluatex' (already loaded).
Package: ifvtex 2010/03/01 v1.5 Detect VTeX and its facilities (HO)
Package ifvtex Info: VTeX not detected.
Package: intcalc 2007/09/27 v1.1 Expandable calculations with integers (HO)
Package hobsub Info: Skipping package `ifpdf' (already loaded).
Package hobsub Info: Skipping package `etexcmds' (already loaded).
Package hobsub Info: Skipping package `kvsetkeys' (already loaded).
Package hobsub Info: Skipping package `kvdefinekeys' (already loaded).
Package hobsub Info: Skipping package `pdftexcmds' (already loaded).
Package: pdfescape 2011/11/25 v1.13 Implements pdfTeX's escape features (HO)
Package: bigintcalc 2012/04/08 v1.3 Expandable calculations on big integers (HO
)
Package: bitset 2011/01/30 v1.1 Handle bit-vector datatype (HO)
Package: uniquecounter 2011/01/30 v1.2 Provide unlimited unique counter (HO)
)
Package hobsub Info: Skipping package `hobsub' (already loaded).
Package: letltxmacro 2010/09/02 v1.4 Let assignment for LaTeX macros (HO)
Package: hopatch 2012/05/28 v1.2 Wrapper for package hooks (HO)
Package: xcolor-patch 2011/01/30 xcolor patch
Package: atveryend 2011/06/30 v1.8 Hooks at the very end of document (HO)
Package atveryend Info: \enddocument detected (standard20110627).
Package: atbegshi 2011/10/05 v1.16 At begin shipout hook (HO)
Package: refcount 2011/10/16 v3.4 Data extraction from label references (HO)
Package: hycolor 2011/01/30 v1.7 Color options for hyperref/bookmark (HO)
)
(/usr/share/texlive/texmf-dist/tex/generic/ifxetex/ifxetex.sty
Package: ifxetex 2010/09/12 v0.6 Provides ifxetex conditional
)
(/home/martin/texmf/tex/latex/oberdiek/auxhook.sty
Package: auxhook 2011/03/04 v1.3 Hooks for auxiliary files (HO)
)
\@linkdim=\dimen145
\Hy@linkcounter=\count121
\Hy@pagecounter=\count122

(/home/martin/texmf/tex/latex/hyperref/pd1enc.def
File: pd1enc.def 2012/11/06 v6.83m Hyperref: PDFDocEncoding definition (HO)
)
\Hy@SavedSpaceFactor=\count123

(/home/martin/texmf/tex/latex/latexconfig/hyperref.cfg
File: hyperref.cfg 2002/06/06 v1.2 hyperref configuration of TeXLive
)
Package hyperref Info: Option `bookmarks' set `true' on input line 4319.
Package hyperref Info: Option `bookmarksopen' set `true' on input line 4319.
Package hyperref Info: Option `bookmarksnumbered' set `true' on input line 4319
.
Package hyperref Info: Option `hypertexnames' set `false' on input line 4319.
Package hyperref Info: Option `colorlinks' set `true' on input line 4319.
Package hyperref Info: Option `unicode' set `true' on input line 4319.

(/home/martin/texmf/tex/latex/hyperref/puenc.def
File: puenc.def 2012/11/06 v6.83m Hyperref: PDF Unicode definition (HO)
)
Package hyperref Info: Option `breaklinks' set `true' on input line 4319.
Package hyperref Info: Hyper figures OFF on input line 4443.
Package hyperref Info: Link nesting OFF on input line 4448.
Package hyperref Info: Hyper index ON on input line 4451.
Package hyperref Info: Plain pages OFF on input line 4458.
Package hyperref Info: Backreferencing OFF on input line 4463.
Package hyperref Info: Implicit mode ON; LaTeX internals redefined.
Package hyperref Info: Bookmarks ON on input line 4688.
\c@Hy@tempcnt=\count124

(/home/martin/texmf/tex/latex/url/url.sty
\Urlmuskip=\muskip11
Package: url 2013/09/16  ver 3.4  Verb mode for urls, etc.
)
LaTeX Info: Redefining \url on input line 5041.
\XeTeXLinkMargin=\dimen146
\Fld@menulength=\count125
\Field@Width=\dimen147
\Fld@charsize=\dimen148
Package hyperref Info: Hyper figures OFF on input line 6295.
Package hyperref Info: Link nesting OFF on input line 6300.
Package hyperref Info: Hyper index ON on input line 6303.
Package hyperref Info: backreferencing OFF on input line 6310.
Package hyperref Info: Link coloring ON on input line 6313.
Package hyperref Info: Link coloring with OCG OFF on input line 6320.
Package hyperref Info: PDF/A mode OFF on input line 6325.
LaTeX Info: Redefining \ref on input line 6365.
LaTeX Info: Redefining \pageref on input line 6369.
\Hy@abspage=\count126
\c@Item=\count127
\c@Hfootnote=\count128
)

Package hyperref Message: Driver (autodetected): hxetex.

(/home/martin/texmf/tex/latex/hyperref/hxetex.def
File: hxetex.def 2012/11/06 v6.83m Hyperref driver for XeTeX

(/home/martin/texmf/tex/generic/oberdiek/stringenc.sty
Package: stringenc 2011/12/02 v1.10 Convert strings between diff. encodings (HO
)
)
\pdfm@box=\box31
\c@Hy@AnnotLevel=\count129
\HyField@AnnotCount=\count130
\Fld@listcount=\count131
\c@bookmark@seq@number=\count132

(/home/martin/texmf/tex/latex/oberdiek/rerunfilecheck.sty
Package: rerunfilecheck 2011/04/15 v1.7 Rerun checks for auxiliary files (HO)
Package rerunfilecheck Info: Feature \pdfmdfivesum is not available
(rerunfilecheck)             (e.g. pdfTeX or LuaTeX with package `pdftexcmds').

(rerunfilecheck)             Therefore file contents cannot be checked efficien
tly
(rerunfilecheck)             and the loading of the package is aborted.
)
\Hy@SectionHShift=\skip66
)
\c@dummy=\count133

(/home/martin/texmf/tex/latex/tools/longtable.sty
Package: longtable 2014/10/28 v4.11 Multi-page Table package (DPC)
\LTleft=\skip67
\LTright=\skip68
\LTpre=\skip69
\LTpost=\skip70
\LTchunksize=\count134
\LTcapwidth=\dimen149
\LT@head=\box32
\LT@firsthead=\box33
\LT@foot=\box34
\LT@lastfoot=\box35
\LT@cols=\count135
\LT@rows=\count136
\c@LT@tables=\count137
\c@LT@chunks=\count138
\LT@p@ftn=\toks29
)) (./includes.tex
(/home/martin/texmf/tex/latex/base/fontenc.sty
Package: fontenc 2005/09/27 v1.99g Standard LaTeX package

(/home/martin/texmf/tex/latex/base/t1enc.def
File: t1enc.def 2005/09/27 v1.99g Standard LaTeX file
LaTeX Font Info:    Redeclaring font encoding T1 on input line 43.
))
(/home/martin/texmf/tex/generic/babel/babel.sty
Package: babel 2014/09/25 3.9l The Babel package

(/home/martin/texmf/tex/generic/babel/switch.def
File: switch.def 2014/09/25 3.9l Babel switching mechanism
)
(/usr/share/texlive/texmf-dist/tex/generic/babel-spanish/spanish.ldf
Language: spanish.ldf 2014/01/29 v5.0m Spanish support from the babel system

(/home/martin/texmf/tex/generic/babel/babel.def
File: babel.def 2014/09/25 3.9l Babel common definitions
\babel@savecnt=\count139
\U@D=\dimen150

(/home/martin/texmf/tex/generic/babel/xebabel.def))
\es@datefmt=\count140
\es@quottoks=\toks30
\es@quotdepth=\count141
Package babel Info: Making " an active character on input line 496.
Package babel Info: Making . an active character on input line 599.
Package babel Info: Making < an active character on input line 644.
Package babel Info: Making > an active character on input line 644.
))
LaTeX Info: Redefining \. on input line 10.
LaTeX Info: Redefining \% on input line 10.

(/home/martin/texmf/tex/latex/natbib/natbib.sty
Package: natbib 2010/09/13 8.31b (PWD, AO)
\bibhang=\skip71
\bibsep=\skip72
LaTeX Info: Redefining \cite on input line 694.
\c@NAT@ctr=\count142
)
(/home/martin/texmf/tex/latex/tools/verbatim.sty
Package: verbatim 2014/10/28 v1.5q LaTeX2e package for verbatim enhancements
\every@verbatim=\toks31
\verbatim@line=\toks32
\verbatim@in@stream=\read1
) (./vector.sty
Package: vector 1994/09/16 v1.0 vector macros for LaTeX2e (nde)

(/home/martin/texmf/tex/latex/tools/calc.sty
Package: calc 2014/10/28 v4.3 Infix arithmetic (KKT,FJ)
\calc@Acount=\count143
\calc@Bcount=\count144
\calc@Adimen=\dimen151
\calc@Bdimen=\dimen152
\calc@Askip=\skip73
\calc@Bskip=\skip74
LaTeX Info: Redefining \setlength on input line 75.
LaTeX Info: Redefining \addtolength on input line 76.
\calc@Ccount=\count145
\calc@Cskip=\skip75
)
\c@vec@elem=\count146
)
Package hyperref Info: Option `colorlinks' set `true' on input line 18.

(/usr/share/texlive/texmf-dist/tex/latex/fancyvrb/fancyvrb.sty
Package: fancyvrb 2008/02/07

Style option: `fancyvrb' v2.7a, with DG/SPQR fixes, and firstline=lastline fix 
<2008/02/07> (tvz)
\FV@CodeLineNo=\count147
\FV@InFile=\read2
\FV@TabBox=\box36
\c@FancyVerbLine=\count148
\FV@StepNumber=\count149
\FV@OutFile=\write3
) (/home/martin/texmf/tex/latex/xcolor/xcolor.sty
Package: xcolor 2007/01/21 v2.11 LaTeX color extensions (UK)

(/home/martin/texmf/tex/latex/latexconfig/color.cfg
File: color.cfg 2007/01/18 v1.5 color configuration of teTeX/TeXLive
)
Package xcolor Info: Driver file: xetex.def on input line 225.
Package xcolor Info: Model `cmy' substituted by `cmy0' on input line 1337.
Package xcolor Info: Model `RGB' extended on input line 1353.
Package xcolor Info: Model `HTML' substituted by `rgb' on input line 1355.
Package xcolor Info: Model `Hsb' substituted by `hsb' on input line 1356.
Package xcolor Info: Model `tHsb' substituted by `hsb' on input line 1357.
Package xcolor Info: Model `HSB' substituted by `hsb' on input line 1358.
Package xcolor Info: Model `Gray' substituted by `gray' on input line 1359.
Package xcolor Info: Model `wave' substituted by `hsb' on input line 1360.

(/home/martin/texmf/tex/latex/graphics/dvipsnam.def
File: dvipsnam.def 2014/10/14 v3.0j Driver-dependent file (DPC,SPQR)
))
(/usr/share/texlive/texmf-dist/tex/latex/float/float.sty
Package: float 2001/11/08 v1.3d Float enhancements (AL)
\c@float@type=\count150
\float@exts=\toks33
\float@box=\box37
\@float@everytoks=\toks34
\@floatcapt=\box38
)
\c@undefinedreferences=\count151

(/usr/share/texlive/texmf-dist/tex/latex/listings/lstlang1.sty
File: lstlang1.sty 2013/08/26 1.5b listings language file
)
(/usr/share/texlive/texmf-dist/tex/latex/listings/lstmisc.sty
File: lstmisc.sty 2013/08/26 1.5b (Carsten Heinz)
))
(/home/martin/texmf/tex/latex/footmisc/footmisc.sty
Package: footmisc 2011/06/06 v5.5b a miscellany of footnote facilities
\FN@temptoken=\toks35
\footnotemargin=\dimen153


LaTeX Warning: Command \@makecol  has changed.
               Check if current package is valid.

\c@pp@next@reset=\count152
Package footmisc Info: Declaring symbol style bringhurst on input line 855.
Package footmisc Info: Declaring symbol style chicago on input line 863.
Package footmisc Info: Declaring symbol style wiley on input line 872.
Package footmisc Info: Declaring symbol style lamport-robust on input line 883.

Package footmisc Info: Declaring symbol style lamport* on input line 903.
Package footmisc Info: Declaring symbol style lamport*-robust on input line 924
.
) (/home/martin/texmf/tex/latex/oberdiek/pdflscape.sty
Package: pdflscape 2008/08/11 v0.10 Display of landscape pages in PDF (HO)

(/home/martin/texmf/tex/latex/graphics/lscape.sty
Package: lscape 2000/10/22 v3.01 Landscape Pages (DPC)
)
Package pdflscape Info: Auto-detected driver: dvipdfm (xetex) on input line 98.

) (./main.aux
LaTeX Info: Redefining \. on input line 23.
LaTeX Info: Redefining \% on input line 23.
LaTeX Info: Redefining \. on input line 27.
LaTeX Info: Redefining \% on input line 27.

(./preface/declaration.aux) (./preface/quote.aux) (./preface/abstract.aux)
(./preface/constants.aux) (./Chapters/Introduction/Introduction.aux)
(./Chapters/Chapter1/Chapter1.aux) (./Chapters/Chapter2/Chapter2.aux)
(./Chapters/Chapter3/Chapter3.aux) (./Chapters/Chapter4/Chapter4.aux)
(./Chapters/Chapter5/Chapter5.aux) (./Chapters/Chapter6/Chapter6.aux)
(./Chapters/Chapter7/Chapter7.aux) (./Chapters/Chapter8/Chapter8.aux)
(./Chapters/Chapter9/Chapter9.aux) (./Chapters/Chapter10/Chapter10.aux)
(./Chapters/Chapter11/Chapter11.aux) (./Chapters/Conclusion/Conclusion.aux))
\openout1 = `main.aux'.

LaTeX Font Info:    Checking defaults for OML/cmm/m/it on input line 25.
LaTeX Font Info:    ... okay on input line 25.
LaTeX Font Info:    Checking defaults for T1/cmr/m/n on input line 25.
LaTeX Font Info:    ... okay on input line 25.
LaTeX Font Info:    Checking defaults for OT1/cmr/m/n on input line 25.
LaTeX Font Info:    ... okay on input line 25.
LaTeX Font Info:    Checking defaults for OMS/cmsy/m/n on input line 25.
LaTeX Font Info:    ... okay on input line 25.
LaTeX Font Info:    Checking defaults for OMX/cmex/m/n on input line 25.
LaTeX Font Info:    ... okay on input line 25.
LaTeX Font Info:    Checking defaults for U/cmr/m/n on input line 25.
LaTeX Font Info:    ... okay on input line 25.
LaTeX Font Info:    Checking defaults for PD1/pdf/m/n on input line 25.
LaTeX Font Info:    ... okay on input line 25.
LaTeX Font Info:    Checking defaults for PU/pdf/m/n on input line 25.
LaTeX Font Info:    ... okay on input line 25.
Package caption Info: Begin \AtBeginDocument code.
Package caption Info: float package is loaded.
Package caption Info: hyperref package is loaded.
Package caption Info: listings package is loaded.
Package caption Info: longtable package is loaded.

(/usr/share/texlive/texmf-dist/tex/latex/caption/ltcaption.sty
Package: ltcaption 2013/02/03 v1.3-62 longtable captions (AR)
)
Package caption Info: rotating package is loaded.
Package caption Info: subfigure package is loaded.
Package caption Info: End \AtBeginDocument code.
\c@lstlisting=\count153
\AtBeginShipoutBox=\box39
Package hyperref Info: Link coloring ON on input line 25.

(/home/martin/texmf/tex/latex/hyperref/nameref.sty
Package: nameref 2012/10/27 v2.43 Cross-referencing by name of section

(/home/martin/texmf/tex/generic/oberdiek/gettitlestring.sty
Package: gettitlestring 2010/12/03 v1.4 Cleanup title references (HO)
)
\c@section@level=\count154
)
LaTeX Info: Redefining \ref on input line 25.
LaTeX Info: Redefining \pageref on input line 25.
LaTeX Info: Redefining \nameref on input line 25.
 (./main.out)
(./main.out)
\@outlinefile=\write4
\openout4 = `main.out'.

LaTeX Info: Redefining \. on input line 25.
LaTeX Info: Redefining \% on input line 25.

------------------------------------------------------------------------------
 Title Page
------------------------------------------------------------------------------
[1



] [2

]
\openout2 = `preface/declaration.aux'.

 (./preface/declaration.tex
------------------------------------------------------------------------------
 Declaración de Autoría
------------------------------------------------------------------------------
LaTeX Font Info:    Try loading font information for U+msa on input line 30.
(/usr/share/texlive/texmf-dist/tex/latex/amsfonts/umsa.fd
File: umsa.fd 2013/01/14 v3.01 AMS symbols A
)
LaTeX Font Info:    Try loading font information for U+msb on input line 30.

(/usr/share/texlive/texmf-dist/tex/latex/amsfonts/umsb.fd
File: umsb.fd 2013/01/14 v3.01 AMS symbols B
)
Underfull \hbox (badness 10000) in paragraph at lines 30--30

 []

[3

])
\openout2 = `preface/quote.aux'.

 (./preface/quote.tex [4



])
\openout2 = `preface/abstract.aux'.

 (./preface/abstract.tex
------------------------------------------------------------------------------
 Abstract Page
------------------------------------------------------------------------------
[5



])
------------------------------------------------------------------------------
 Acknowledgements
------------------------------------------------------------------------------
[6


]
------------------------------------------------------------------------------
 Table of Contents
------------------------------------------------------------------------------
(./main.toc
LaTeX Info: Redefining \. on input line 1.
LaTeX Info: Redefining \% on input line 1.
LaTeX Info: Redefining \. on input line 2.
LaTeX Info: Redefining \% on input line 2.
 [7


])
\tf@toc=\write5
\openout5 = `main.toc'.

 [8]
------------------------------------------------------------------------------
 Lista de figuras
------------------------------------------------------------------------------
(./main.lof
LaTeX Info: Redefining \. on input line 1.
LaTeX Info: Redefining \% on input line 1.
LaTeX Info: Redefining \. on input line 2.
LaTeX Info: Redefining \% on input line 2.
LaTeX Font Info:    Try loading font information for T1+cmtt on input line 30.
 (/home/martin/texmf/tex/latex/base/t1cmtt.fd
File: t1cmtt.fd 2014/09/29 v2.5h Standard LaTeX font definitions
))
\tf@lof=\write6
\openout6 = `main.lof'.

 [9


] [10

]
------------------------------------------------------------------------------
 List of Tables
------------------------------------------------------------------------------
(./main.lot
LaTeX Info: Redefining \. on input line 1.
LaTeX Info: Redefining \% on input line 1.
LaTeX Info: Redefining \. on input line 2.
LaTeX Info: Redefining \% on input line 2.
)
\tf@lot=\write7
\openout7 = `main.lot'.

 [11

] [12

]
------------------------------------------------------------------------------
 Lista de abreviaturas
------------------------------------------------------------------------------
[13


] [14

]
\openout2 = `preface/constants.aux'.

 (./preface/constants.tex
------------------------------------------------------------------------------
 Constantes físicas
------------------------------------------------------------------------------
[15



] [16

]
------------------------------------------------------------------------------
 Símbolos
------------------------------------------------------------------------------
[17


] [18

])
------------------------------------------------------------------------------
 Dedicatory
------------------------------------------------------------------------------
[19

] [20

]
\openout2 = `Chapters/Introduction/Introduction.aux'.

 (./Chapters/Introduction/Introduction.tex
Cap\'{\i }tulo 1.
------------------------------------------------------------------------------
 1 Introducción
------------------------------------------------------------------------------

Overfull \hbox (29.77538pt too wide) in paragraph at lines 4--5
[]\T1/cmr/m/n/10.95 Los lí-mi-tes fí-si-cos de los que ado-le-cen los compu-tad
o-res en la actualidad$[]$hacen
 []


Overfull \hbox (79.37988pt too wide) in paragraph at lines 4--5
\T1/cmr/m/n/10.95 ca-cio-nes web$[]$. 
 []

[1



]) [2]
\openout2 = `Chapters/Chapter1/Chapter1.aux'.

 (./Chapters/Chapter1/Chapter1.tex
Cap\'{\i }tulo 2.
------------------------------------------------------------------------------
 2 Motivación
------------------------------------------------------------------------------
[3



] [4] [5]
File: Chapters/Chapter1/Figures/kiepert-main.jpg Graphic file (type QTm)
 <use  "Chapters/Chapter1/Figures/kiepert-main.jpg" >
File: Chapters/Chapter1/Figures/kiepert.png Graphic file (type QTm)

<use  "Chapters/Chapter1/Figures/kiepert.png" > [6]
File: Chapters/Chapter1/Figures/raspberry-pi-dramble-cluster-wired.jpg Graphic 
file (type QTm)

<use  "Chapters/Chapter1/Figures/raspberry-pi-dramble-cluster-wired.jpg" >
[7]
File: Chapters/Chapter1/Figures/bramblegchq.jpg Graphic file (type QTm)
 <use  "Chapters/Chapter1/Figures/bramblegchq.jpg" >
File: Chapters/Chapter1/Figures/iridis-pi.jpg Graphic file (type QTm)

<use  "Chapters/Chapter1/Figures/iridis-pi.jpg" > [8]) [9]
\openout2 = `Chapters/Chapter2/Chapter2.aux'.


(./Chapters/Chapter2/Chapter2.tex [10



]
Cap\'{\i }tulo 3.
------------------------------------------------------------------------------
 3 Conceptos teóricos
------------------------------------------------------------------------------
[11] [12]
File: Chapters/Chapter2/Figures/middleware-rodrigo.pdf Graphic file (type QTm)
 <use  "Chapters/Chapter2/Figures/middleware-rodrigo.pdf" >

LaTeX Warning: Reference `marcopolo:bindings' on page 13 undefined on input lin
e 60.

[13]

LaTeX Warning: Reference `nsswitch' on page 14 undefined on input line 62.

File: Chapters/Chapter2/Figures/Beowulf.png Graphic file (type QTm)
<use  "Chapters/Chapter2/Figures/Beowulf.png" > [14
runsystem(wget -O Chapters/Chapter2/Figures/Beowulf.png -nc http://upload.wikim
edia.org/wikipedia/commons/4/40/Beowulf.png?download)...executed.

] [15] [16]
File: Chapters/Chapter2/Figures/map-reduce.pdf Graphic file (type QTm)

<use  "Chapters/Chapter2/Figures/map-reduce.pdf" > [17
runsystem(wget -P Chapters/Chapter2/Figures/ -nc http://upload.wikimedia.org/wi
kipedia/commons/6/6d/Mapreduce.png)...executed.

] [18]
File: Chapters/Chapter2/Figures/threadcomparison.png Graphic file (type QTm)

<use  "Chapters/Chapter2/Figures/threadcomparison.png" >
Underfull \hbox (badness 10000) in paragraph at lines 188--188
 []\T1/cmr/m/sc/10 Figura 3.5: |\T1/cmr/m/n/10 Com-pa-ra-ción de los di-fe-ren-
tes mo-de-los de 
 []

[19]
File: Chapters/Chapter2/Figures/reactoruml.pdf Graphic file (type QTm)
 <use  "Chapters/Chapter2/Figures/reactoruml.pdf" > [20] [21]
File: Chapters/Chapter2/Figures/bully.png Graphic file (type QTm)

<use  "Chapters/Chapter2/Figures/bully.png" >
File: Chapters/Chapter2/Figures/ringalgorithm.png Graphic file (type QTm)

<use  "Chapters/Chapter2/Figures/ringalgorithm.png" > [22] [23] [24] [25]
runsystem(if ! [ -f Chapters/Chapter2/Figures/pamstructure.png ];then wget -O C
hapters/Chapter2/Figures/pamstructure.gif -nc http://pubs.opengroup.org/onlinep
ubs/8329799/sso0401.gif; convert Chapters/Chapter2/Figures/pamstructure.gif Cha
pters/Chapter2/Figures/pamstructure.png;rm Chapters/Chapter2/Figures/pamstructu
re.gif;fi)...executed.

File: Chapters/Chapter2/Figures/pamstructure.png Graphic file (type QTm)

<use  "Chapters/Chapter2/Figures/pamstructure.png" > [26] [27]
Overfull \hbox (13.70523pt too wide) in paragraph at lines 376--377
\T1/cmr/m/n/10.95 sa-jes son en-via-dos a una di-rec-ción en un ran-go re-ser-v
a-do (en IPv4, 224.0.0.0-239.255.255.255,
 []

[28] [29] [30] [31]
Overfull \hbox (188.91376pt too wide) in paragraph at lines 451--454
[]$[]$\T1/cmr/m/n/10.95 http://www.nongnu.org/avr-libc/user-manual/overview.htm
l $[]$http://elinux.org/Toolchains 
 []

) [32]
\openout2 = `Chapters/Chapter3/Chapter3.aux'.

 (./Chapters/Chapter3/Chapter3.tex
Cap\'{\i }tulo 4.
------------------------------------------------------------------------------
 4 Dominio del problema
------------------------------------------------------------------------------
[33



]
Overfull \hbox (79.69481pt too wide) in paragraph at lines 22--23
[]\T1/cmr/m/n/10.95 El sis-te-ma se ubi-ca en una Fa-cul-tad uni-ver-si-ta-ria 
con apro-xi-ma-da-men-te 600 alumnos$[]$con
 []

[34] [35] [36]
Overfull \hbox (2.7757pt too wide) in paragraph at lines 133--134
\T1/cmr/m/n/10.95 las de los equi-pos ya dis-pues-tos pa-ra fi-nes si-mi-la-res
 a es-te en el Centro$[]$: 
 []

[37]
Overfull \hbox (0.89383pt too wide) in paragraph at lines 145--146
[] \T1/cmr/m/n/10.95 Las ne-ce-si-da-des pro-pias de un sis-te-ma ope-ra-ti-vo 
mul-ti-usua-rio (pre-vi-si-ble-men-te \T1/cmr/bx/n/10.95 GNU/-
 []

[38] [39] [40]
Overfull \hbox (9.65918pt too wide) in paragraph at lines 238--239
\T1/cmr/bx/n/10.95 Goo-gle Chro-me-cast$[]$ 
 []

Missing character: There is no € in font ecrm1095!
[41] [42] [43] [44]
Underfull \hbox (badness 10000) in paragraph at lines 400--400
[]\T1/cmr/bx/n/10.95 LINPACK \T1/cmr/m/n/10.95 [[]--
 []


Underfull \hbox (badness 1383) in paragraph at lines 404--404
[]\T1/cmr/m/n/10.95 Mediante micro-USB o los pi-nes
 []


Underfull \hbox (badness 1383) in paragraph at lines 404--404
[]\T1/cmr/m/n/10.95 Mediante micro-USB o los pi-nes
 []


Underfull \hbox (badness 1383) in paragraph at lines 404--404
[]\T1/cmr/m/n/10.95 Mediante micro-USB o los pi-nes
 []


Underfull \hbox (badness 1253) in paragraph at lines 405--405
[]\T1/cmr/bx/n/10.95 Sistemas ope-ra-
 []


Underfull \hbox (badness 10000) in paragraph at lines 405--405
\T1/cmr/bx/n/10.95 ti-vos com-pa-ti-
 []


Underfull \hbox (badness 6691) in paragraph at lines 407--407
[]\T1/cmr/m/n/10.95 Arch Li-nux ARM, Ope-nE-LEC,
 []


Underfull \hbox (badness 1917) in paragraph at lines 407--407
\T1/cmr/m/n/10.95 do-ra Re-mix), Lis-ta com-ple-ta en
 []


Underfull \hbox (badness 2376) in paragraph at lines 409--410
[]\T1/cmr/m/n/10.95 Ubuntu Snappy Co-re, Rasp-bian,
 []


Underfull \hbox (badness 1365) in paragraph at lines 413--413
[]\T1/cmr/m/n/10.95 Modelo des-ca-ta-lo-ga-do, el so-por-te
 []


LaTeX Warning: `h' float specifier changed to `ht'.

[45]
Overfull \hbox (206.73584pt too wide) in paragraph at lines 420--424
[]$[]$ $[]$
 []


Overfull \hbox (3.64227pt too wide) in paragraph at lines 420--424
[]$
 []

[46


]
Underfull \hbox (badness 10000) in paragraph at lines 432--432
[]\T1/cmr/bx/n/10.95 Arch Li-
 []


Underfull \hbox (badness 2671) in paragraph at lines 432--432
\T1/cmr/m/n/10.95 de soft-wa-re no-ve-do-so.
 []


Underfull \hbox (badness 3078) in paragraph at lines 432--432
\T1/cmr/m/n/10.95 Re-quie-re sin em-bar-go
 []


Underfull \hbox (badness 10000) in paragraph at lines 432--432
[]\T1/cmr/m/n/10.95 Eficiente, gran
 []


Underfull \hbox (badness 10000) in paragraph at lines 432--432
\T1/cmr/m/n/10.95 co-mu-ni-dad al-re-
 []


Underfull \hbox (badness 10000) in paragraph at lines 432--432
\T1/cmr/m/n/10.95 de-dor, re-la-ti-va-
 []


Underfull \hbox (badness 1253) in paragraph at lines 432--432
\T1/cmr/m/n/10.95 ofi-cia-les, más pe-que-ño
 []


Underfull \hbox (badness 10000) in paragraph at lines 434--434
[]\T1/cmr/bx/n/10.95 Ubuntu
 []


Underfull \hbox (badness 10000) in paragraph at lines 434--434
\T1/cmr/bx/n/10.95 Snappy
 []


Underfull \hbox (badness 1158) in paragraph at lines 434--434
\T1/cmr/m/n/10.95 in-ten-si-va.El ren-di-mien-
 []


Underfull \hbox (badness 6157) in paragraph at lines 436--436
[]\T1/cmr/m/n/10.95 La ins-ta-la-ción bá-si-ca
 []


Overfull \hbox (12.98752pt too wide) in paragraph at lines 429--438
[][] 
 []


LaTeX Warning: `h' float specifier changed to `ht'.

[47

] [48]
Underfull \hbox (badness 10000) in paragraph at lines 448--448
[]\T1/cmr/m/n/10.95 Diseñado es-pe-cí-fi-
 []


Underfull \hbox (badness 10000) in paragraph at lines 448--448
\T1/cmr/m/n/10.95 ca-men-te pa-ra la
 []


Underfull \hbox (badness 10000) in paragraph at lines 448--448
\T1/cmr/m/n/10.95 ar-qui-tec-tu-ra ARM,
 []


Underfull \hbox (badness 5302) in paragraph at lines 448--448
\T1/cmr/m/n/10.95 apro-ve-chan-do las po-
 []


Underfull \hbox (badness 10000) in paragraph at lines 448--448
\T1/cmr/m/n/10.95 si-bi-li-da-des de di-cha
 []


Underfull \hbox (badness 1436) in paragraph at lines 448--448
\T1/cmr/m/n/10.95 mo-no-usua-rio con mul-ti-ta-rea
 []


Underfull \hbox (badness 2903) in paragraph at lines 448--448
\T1/cmr/m/n/10.95 sis-te-ma co-no-ci-do pre-
 []


Underfull \hbox (badness 1642) in paragraph at lines 450--450
[]\T1/cmr/m/n/10.95 Permite ser mo-
 []


Underfull \hbox (badness 10000) in paragraph at lines 450--450
[]\T1/cmr/m/n/10.95 Poco so-por-ta-do en
 []


Underfull \hbox (badness 10000) in paragraph at lines 452--452
[]\T1/cmr/bx/n/10.95 Windows
 []


Underfull \hbox (badness 10000) in paragraph at lines 452--452
[]\T1/cmr/m/n/10.95 Soporta con
 []


Underfull \hbox (badness 10000) in paragraph at lines 452--452
\T1/cmr/m/n/10.95 un con-jun-to
 []


Underfull \hbox (badness 10000) in paragraph at lines 452--452
\T1/cmr/m/n/10.95 de tec-no-lo-gías
 []


Underfull \hbox (badness 10000) in paragraph at lines 452--452
\T1/cmr/m/n/10.95 co-no-ci-das no
 []


Underfull \hbox (badness 10000) in paragraph at lines 452--452
\T1/cmr/m/n/10.95 com-pa-ti-bles con
 []


Underfull \hbox (badness 10000) in paragraph at lines 452--452
\T1/cmr/m/n/10.95 nin-gu-na otra
 []


Underfull \hbox (badness 10000) in paragraph at lines 452--452
\T1/cmr/m/n/10.95 al-ter-na-ti-va. Si
 []


Underfull \hbox (badness 10000) in paragraph at lines 452--452
\T1/cmr/m/n/10.95 el so-por-te de
 []


Underfull \hbox (badness 10000) in paragraph at lines 452--452
\T1/cmr/m/n/10.95 cons-ti-tui-ría una
 []


Underfull \hbox (badness 2426) in paragraph at lines 452--452
[]\T1/cmr/m/n/10.95 Aún no se en-cuen-tra
 []


Overfull \hbox (12.98752pt too wide) in paragraph at lines 444--455
[][] 
 []


LaTeX Warning: Float too large for page by 14.52702pt on input line 456.


LaTeX Warning: `h' float specifier changed to `ht'.

[49]) [50



]
\openout2 = `Chapters/Chapter4/Chapter4.aux'.

 (./Chapters/Chapter4/Chapter4.tex
Cap\'{\i }tulo 5.
------------------------------------------------------------------------------
 5 Análisis
------------------------------------------------------------------------------
) [51



]
\openout2 = `Chapters/Chapter5/Chapter5.aux'.

 (./Chapters/Chapter5/Chapter5.tex [52



]
Cap\'{\i }tulo 6.
------------------------------------------------------------------------------
 6 Arquitectura física
------------------------------------------------------------------------------
) [53]
\openout2 = `Chapters/Chapter6/Chapter6.aux'.

 (./Chapters/Chapter6/Chapter6.tex [54



]
Cap\'{\i }tulo 7.
------------------------------------------------------------------------------
 7 Arquitectura software
------------------------------------------------------------------------------
[55] [56]
File: Chapters/Chapter6/Figures/LDAP.pdf Graphic file (type QTm)
 <use  "Chapters/Chapter6/Figures/LDAP.pdf" > [57] [58]) [59]
\openout2 = `Chapters/Chapter7/Chapter7.aux'.


(./Chapters/Chapter7/Chapter7.tex [60



]
Cap\'{\i }tulo 8.
------------------------------------------------------------------------------
 8 Servicios del sistema operativo
------------------------------------------------------------------------------
[61] [62] [63] [64] [65]
Underfull \hbox (badness 10000) in paragraph at lines 62--62
[]\T1/cmr/m/n/10.95 UDP \T1/cmr/m/it/10.95 mul-ti-cast \T1/cmr/m/n/10.95 al
 []


Overfull \hbox (5.62343pt too wide) in paragraph at lines 64--64
[]\T1/cmr/bx/n/10.95 Request-
 []


Underfull \hbox (badness 10000) in paragraph at lines 64--64
[]\T1/cmr/m/n/10.95 UDP \T1/cmr/m/it/10.95 mul-ti-cast \T1/cmr/m/n/10.95 al
 []


Overfull \hbox (1.40424pt too wide) in paragraph at lines 66--66
[]\T1/cmr/bx/n/10.95 Services| 
 []

[66

]
Overfull \vbox (9.64772pt too high) has occurred while \output is active []


[67]
File: Diagrams/Sequence/marcocompleto.pdf Graphic file (type QTm)
 <use  "Diagrams/Sequence/marcocompleto.pdf" >
File: Diagrams/Sequence/request_for.pdf Graphic file (type QTm)

<use  "Diagrams/Sequence/request_for.pdf" >
File: Diagrams/Sequence/services.pdf Graphic file (type QTm)

<use  "Diagrams/Sequence/services.pdf" > [68

]
Missing character: There is no ├ in font ectt0900!
Missing character: There is no ─ in font ectt0900!
Missing character: There is no ─ in font ectt0900!
Missing character: There is no │ in font ectt0900!
Missing character: There is no └ in font ectt0900!
Missing character: There is no ─ in font ectt0900!
Missing character: There is no ─ in font ectt0900!
Missing character: There is no └ in font ectt0900!
Missing character: There is no ─ in font ectt0900!
Missing character: There is no ─ in font ectt0900!
Missing character: There is no ├ in font ectt0900!
Missing character: There is no ─ in font ectt0900!
Missing character: There is no ─ in font ectt0900!
Missing character: There is no └ in font ectt0900!
Missing character: There is no ─ in font ectt0900!
Missing character: There is no ─ in font ectt0900!
Missing character: There is no ├ in font ectt0900!
Missing character: There is no ─ in font ectt0900!
Missing character: There is no ─ in font ectt0900!
Missing character: There is no ├ in font ectt0900!
Missing character: There is no ─ in font ectt0900!
Missing character: There is no ─ in font ectt0900!
Missing character: There is no ├ in font ectt0900!
Missing character: There is no ─ in font ectt0900!
Missing character: There is no ─ in font ectt0900!
Missing character: There is no ├ in font ectt0900!
Missing character: There is no ─ in font ectt0900!
Missing character: There is no ─ in font ectt0900!
Missing character: There is no └ in font ectt0900!
Missing character: There is no ─ in font ectt0900!
Missing character: There is no ─ in font ectt0900!
 [69] (./Code/statusmonitor.json)
[70]
Overfull \hbox (59.79306pt too wide) in paragraph at lines 138--139
\T1/cmr/bx/n/10.95 PID \T1/cmr/m/n/10.95 del \T1/cmr/m/it/10.95 dae-mon\T1/cmr/
m/n/10.95 . Pa-ra ello se al-ma-ce-na en el di-rec-to-rio \T1/cmtt/m/n/10.95 /v
ar/run/marcopolo/(marco.pid|polo.pid)
 []

[71] [72]
LaTeX Font Info:    Font shape `T1/cmtt/bx/n' in size <10.95> not available
(Font)              Font shape `T1/cmtt/m/n' tried instead on input line 204.
 [73]
File: Diagrams/Sequence/statusmonitor.pdf Graphic file (type QTm)
 <use  "Diagrams/Sequence/statusmonitor.pdf" > [74]
File: Chapters/Chapter7/Figures/statusmonitor.jpg Graphic file (type QTm)

<use  "Chapters/Chapter7/Figures/statusmonitor.jpg" > [75] [76] [77]
File: Chapters/Chapter7/Figures/deployer.png Graphic file (type QTm)

<use  "Chapters/Chapter7/Figures/deployer.png" > [78]
Overfull \hbox (0.32959pt too wide) in paragraph at lines 337--338
[]\T1/cmtt/m/n/10.95 PAM_EXTERN int pam_sm_open_session(pam_handle_t \OMS/cmsy/
m/n/10.95 ^^B \T1/cmtt/m/n/10.95 pamh, int flags, int
 []


Underfull \hbox (badness 10000) in paragraph at lines 337--338

 []


Overfull \hbox (11.64633pt too wide) in paragraph at lines 343--344
[]\T1/cmtt/m/n/10.95 PAM_EXTERN int pam_sm_close_session(pam_handle_t * pamh, i
nt flags, int
 []

[79]) [80] [81]
\openout2 = `Chapters/Chapter8/Chapter8.aux'.

 (./Chapters/Chapter8/Chapter8.tex [82



]
Cap\'{\i }tulo 9.
------------------------------------------------------------------------------
 9 Aplicaciones
------------------------------------------------------------------------------
) [83]
\openout2 = `Chapters/Chapter9/Chapter9.aux'.

 (./Chapters/Chapter9/Chapter9.tex [84



]
Cap\'{\i }tulo 10.
------------------------------------------------------------------------------
 10 Herramientas de terceros
------------------------------------------------------------------------------

Overfull \hbox (134.4371pt too wide) in paragraph at lines 13--14
\T1/cmr/m/n/10.95 en fun-ción de sus in-tere-ses a cual-quier nivel$[]$https://
wiki.archlinux.org/index.php/The_Arch_Way. 
 []

[85]
Overfull \hbox (51.80191pt too wide) in paragraph at lines 15--16
\T1/cmr/m/n/10.95 es-te ti-po de computadores$[]$http://distrowatch.com/search.
php?architecture=arm. 
 []

[86]
Underfull \hbox (badness 5970) in paragraph at lines 36--36
[]\T1/cmr/m/n/10.95 Orientación a ob-je-tos,
 []


Underfull \hbox (badness 10000) in paragraph at lines 36--36
[]\T1/cmr/m/n/10.95 Portable, buen ren-di-
 []


Underfull \hbox (badness 6477) in paragraph at lines 42--42
[]\T1/cmr/m/n/10.95 Multiplataforma, po-pu-
 []

[87

]

LaTeX Warning: Reference `eventdriven' on page 88 undefined on input line 52.

[88

] [89] [90]
Cap\'{\i }tulo 11.
------------------------------------------------------------------------------
 11 Técnicas
------------------------------------------------------------------------------
) [91

]
\openout2 = `Chapters/Chapter10/Chapter10.aux'.

 (./Chapters/Chapter10/Chapter10.tex [92



]
Cap\'{\i }tulo 12.
------------------------------------------------------------------------------
 12 Metodología de desarrollo
------------------------------------------------------------------------------
) [93]
\openout2 = `Chapters/Chapter11/Chapter11.aux'.

 (./Chapters/Chapter11/Chapter11.tex [94



]
Cap\'{\i }tulo 13.
------------------------------------------------------------------------------
 13 Evaluación de usuarios
------------------------------------------------------------------------------
) [95]
\openout2 = `Chapters/Conclusion/Conclusion.aux'.

 (./Chapters/Conclusion/Conclusion.tex [96



]
Cap\'{\i }tulo 14.
------------------------------------------------------------------------------
 14 Conclusiones
------------------------------------------------------------------------------
) [97] [98


]
------------------------------------------------------------------------------
 Bibliograf\'{\i }a
------------------------------------------------------------------------------
(./main.bbl
Underfull \hbox (badness 3884) in paragraph at lines 8--12
[]\T1/cmr/m/n/10.95 J. Geer-ling, `` In-tro-du-cing the Dram-ble - Rasp-berry P
i 2 clus-ter run-
 []


Underfull \hbox (badness 10000) in paragraph at lines 8--12
\T1/cmr/m/n/10.95 ning Dru-pal 8.'' [][]$\T1/cmtt/m/n/10.95 http : / / www . mi
dwesternmac . com / blogs / jeff-[]geerling /
 []


Underfull \hbox (badness 2237) in paragraph at lines 19--22
[]\T1/cmr/m/n/10.95 S. Cox, ``Sout-ham-pton en-gi-neers a Rasp-berry Pi Su-per-
com-pu-ter .'' [][]$\T1/cmtt/m/n/10.95 http :
 []


Underfull \hbox (badness 10000) in paragraph at lines 19--22
\T1/cmtt/m/n/10.95 / / www . southampton . ac . uk / ~sjc / raspberrypi / Raspb
erry _ Pi _ supercomputer _
 []

[99

]
Underfull \hbox (badness 2799) in paragraph at lines 113--117
\T1/cmr/m/n/10.95 ge-nie-ría In-for-má-ti-ca.'' [][]$\T1/cmtt/m/n/10.95 http : 
/ / http : / / www . usal . es / webusal / files / Grado _ en _
 []


Underfull \hbox (badness 10000) in paragraph at lines 113--117
\T1/cmtt/m/n/10.95 Ingenieria _ Informatica _ 2014 _ 1 % C2 % AA % 20parte-[]ac
tualizado % 202-[]10-[]14 . pdf$[][]\T1/cmr/m/n/10.95 ,
 []

[100]
Underfull \hbox (badness 3826) in paragraph at lines 134--138
[]\T1/cmr/m/n/10.95 W. A. Team, ``Win-dows 10 Co-ming to Rasp-berry Pi 2.'' Pre
ss Re-lea-
 []


Underfull \hbox (badness 2368) in paragraph at lines 134--138
\T1/cmr/m/n/10.95 se, Fe-bruary 2015.  [][]$\T1/cmtt/m/n/10.95 http : / / blogs
 . windows . com / buildingapps / 2015 / 02 / 02 /
 []


Underfull \hbox (badness 10000) in paragraph at lines 160--162
[]\T1/cmr/m/n/10.95 Rasbpian, ``raspbian-ua-netinst.'' [][]$\T1/cmtt/m/n/10.95 
https : / / github . com / debian-[]pi /
 []

[101])
runsystem(wget -O Figures/protester.png -nc http://imgs.xkcd.com/comics/wikiped
ian_protester.png)...executed.

File: Figures/protester.png Graphic file (type QTm)
 <use  "Figures/protester.png" >
Package atveryend Info: Empty hook `BeforeClearDocument' on input line 175.
 [102]
Package atveryend Info: Empty hook `AfterLastShipout' on input line 175.
 (./main.aux
LaTeX Info: Redefining \. on input line 23.
LaTeX Info: Redefining \% on input line 23.
LaTeX Info: Redefining \. on input line 27.
LaTeX Info: Redefining \% on input line 27.

(./preface/declaration.aux) (./preface/quote.aux) (./preface/abstract.aux)
(./preface/constants.aux) (./Chapters/Introduction/Introduction.aux)
(./Chapters/Chapter1/Chapter1.aux) (./Chapters/Chapter2/Chapter2.aux)
(./Chapters/Chapter3/Chapter3.aux) (./Chapters/Chapter4/Chapter4.aux)
(./Chapters/Chapter5/Chapter5.aux) (./Chapters/Chapter6/Chapter6.aux)
(./Chapters/Chapter7/Chapter7.aux) (./Chapters/Chapter8/Chapter8.aux)
(./Chapters/Chapter9/Chapter9.aux) (./Chapters/Chapter10/Chapter10.aux)
(./Chapters/Chapter11/Chapter11.aux) (./Chapters/Conclusion/Conclusion.aux))
Package atveryend Info: Empty hook `AtVeryEndDocument' on input line 175.
Package atveryend Info: Empty hook `AtEndAfterFileList' on input line 175.


LaTeX Warning: There were undefined references.

Package atveryend Info: Empty hook `AtVeryVeryEnd' on input line 175.
 ) 
Here is how much of TeX's memory you used:
 14892 strings out of 495604
 212118 string characters out of 6186570
 334881 words of memory out of 5000000
 17634 multiletter control sequences out of 15000+600000
 37748 words of font info for 88 fonts, out of 8000000 for 9000
 40 hyphenation exceptions out of 8191
 49i,18n,48p,1717b,1076s stack positions out of 5000i,500n,10000p,200000b,80000s

Output written on main.pdf (122 pages).
