mktextfm Arial
mktextfm Arial
mktextfm Arial
mktextfm Arial
mktextfm Arial/B
mktextfm Arial
mktextfm Arial/I
mktextfm Arial
mktextfm Arial/BI
mktextfm Cambria
mktextfm Cambria
mktextfm Cambria
mktextfm Cambria
mktextfm Cambria/B
mktextfm Cambria
mktextfm Cambria/I
mktextfm Cambria
mktextfm Cambria/BI
mktextfm Arial
mktextfm Arial
mktextfm Arial
mktextfm Arial
mktextfm Arial/B
mktextfm Arial
mktextfm Arial/I
mktextfm Arial
mktextfm Arial/BI
mktextfm Cambria
mktextfm Cambria
mktextfm Cambria
mktextfm Arial
mktextfm Arial
mktextfm Arial
mktextfm Arial
mktextfm Arial/B
mktextfm Arial
mktextfm Arial/I
mktextfm Arial
mktextfm Arial/BI
mktextfm Cambria
mktextfm Cambria
mktextfm Cambria
mktextfm Cambria
mktextfm Cambria/B
mktextfm Cambria
mktextfm Cambria/I
mktextfm Cambria
mktextfm Cambria/BI
mktextfm Arial
mktextfm Arial
mktextfm Arial
mktextfm Arial
mktextfm Arial/B
mktextfm Arial
mktextfm Arial/I
mktextfm Arial
mktextfm Arial/BI
mktextfm Cambria
mktextfm Cambria
mktextfm Cambria
mktextfm Cambria
mktextfm Cambria/B
mktextfm Cambria
mktextfm Cambria/I
mktextfm Cambria
mktextfm Cambria/BI
mktextfm Arial
mktextfm Arial
mktextfm Arial
mktextfm Arial
mktextfm Arial/B
mktextfm Arial
mktextfm Arial/I
mktextfm Arial
mktextfm Arial/BI
mktextfm Cambria
mktextfm Cambria
mktextfm Cambria
mktextfm Cambria
mktextfm Cambria/B
mktextfm Cambria
mktextfm Cambria/I
mktextfm Cambria
mktextfm Cambria/BI
mktextfm Arial
mktextfm Arial
mktextfm Arial
mktextfm Arial
mktextfm Arial/B
mktextfm Arial
mktextfm Arial/I
mktextfm Arial
mktextfm Arial/BI
mktextfm Cambria
mktextfm Cambria
mktextfm Cambria
mktextfm Cambria
mktextfm Cambria/B
mktextfm Cambria
mktextfm Cambria/I
mktextfm Cambria
mktextfm Cambria/BI
mktextfm Arial
mktextfm Arial
mktextfm Arial
