This is XeTeX, Version 3.1415926-2.5-0.9999.3 (TeX Live 2013/Debian) (format=xelatex 2015.4.7)  24 MAY 2015 16:32
entering extended mode
 \write18 enabled.
 %&-line parsing enabled.
**marcobootstrap.tex
(./marcobootstrap.tex
LaTeX2e <2011/06/27>
Babel <3.9h> and hyphenation patterns for 5 languages loaded.
(/home/martin/texmf/tex/latex/base/article.cls
Document Class: article 2014/09/29 v1.4h Standard LaTeX document class
(/home/martin/texmf/tex/latex/base/size10.clo
File: size10.clo 2014/09/29 v1.4h Standard LaTeX file (size option)
)
\c@part=\count80
\c@section=\count81
\c@subsection=\count82
\c@subsubsection=\count83
\c@paragraph=\count84
\c@subparagraph=\count85
\c@figure=\count86
\c@table=\count87
\abovecaptionskip=\skip41
\belowcaptionskip=\skip42
\bibindent=\dimen102
)
(/home/martin/texmf/tex/latex/fancyhdr/fancyhdr.sty
\fancy@headwidth=\skip43
\f@ncyO@elh=\skip44
\f@ncyO@erh=\skip45
\f@ncyO@olh=\skip46
\f@ncyO@orh=\skip47
\f@ncyO@elf=\skip48
\f@ncyO@erf=\skip49
\f@ncyO@olf=\skip50
\f@ncyO@orf=\skip51
)
(/home/martin/texmf/tex/latex/lastpage/lastpage.sty

LaTeX Warning: You have requested release `2014/05/01' of LaTeX,
               but only release `2011/06/27' is available.

Package: lastpage 2015/03/29 v1.2m Refers to last page's name (HMM; JPG)
) (/home/martin/texmf/tex/latex/fancyhdr/extramarks.sty
\@temptokenb=\toks14
)
(/home/martin/texmf/tex/latex/graphics/graphicx.sty
Package: graphicx 2014/10/28 v1.0g Enhanced LaTeX Graphics (DPC,SPQR)

(/home/martin/texmf/tex/latex/graphics/keyval.sty
Package: keyval 2014/10/28 v1.15 key=value parser (DPC)
\KV@toks@=\toks15
)
(/home/martin/texmf/tex/latex/graphics/graphics.sty
Package: graphics 2014/10/28 v1.0p Standard LaTeX Graphics (DPC,SPQR)

(/home/martin/texmf/tex/latex/graphics/trig.sty
Package: trig 1999/03/16 v1.09 sin cos tan (DPC)
)
(/home/martin/texmf/tex/latex/latexconfig/graphics.cfg
File: graphics.cfg 2010/04/23 v1.9 graphics configuration of TeX Live
)
Package graphics Info: Driver file: xetex.def on input line 91.

(/usr/share/texlive/texmf-dist/tex/xelatex/xetex-def/xetex.def
File: xetex.def 2013/04/29 v0.96 LaTeX color/graphics driver for XeTeX (RRM/JK)

))
\Gin@req@height=\dimen103
\Gin@req@width=\dimen104
)
(/home/martin/texmf/tex/latex/lipsum/lipsum.sty
Package: lipsum 2014/07/27 v1.3 150 paragraphs of Lorem Ipsum dummy text
\c@lips@count=\count88
)
(/home/martin/texmf/tex/latex/base/fontenc.sty
Package: fontenc 2005/09/27 v1.99g Standard LaTeX package

(/home/martin/texmf/tex/latex/base/t1enc.def
File: t1enc.def 2005/09/27 v1.99g Standard LaTeX file
LaTeX Font Info:    Redeclaring font encoding T1 on input line 43.
))
(/home/martin/texmf/tex/generic/babel/babel.sty
Package: babel 2014/09/25 3.9l The Babel package

(/home/martin/texmf/tex/generic/babel/switch.def
File: switch.def 2014/09/25 3.9l Babel switching mechanism
)
(/usr/share/texlive/texmf-dist/tex/generic/babel-spanish/spanish.ldf
Language: spanish.ldf 2014/01/29 v5.0m Spanish support from the babel system

(/home/martin/texmf/tex/generic/babel/babel.def
File: babel.def 2014/09/25 3.9l Babel common definitions
\babel@savecnt=\count89
\U@D=\dimen105

(/home/martin/texmf/tex/generic/babel/xebabel.def))
\es@datefmt=\count90
\es@quottoks=\toks16
\es@quotdepth=\count91
Package babel Info: Making " an active character on input line 496.
Package babel Info: Making . an active character on input line 599.
Package babel Info: Making < an active character on input line 644.
Package babel Info: Making > an active character on input line 644.
))
LaTeX Info: Redefining \. on input line 28.
LaTeX Info: Redefining \% on input line 28.

(/home/martin/texmf/tex/latex/hyperref/hyperref.sty
Package: hyperref 2012/11/06 v6.83m Hypertext links for LaTeX

(/home/martin/texmf/tex/generic/oberdiek/hobsub-hyperref.sty
Package: hobsub-hyperref 2012/05/28 v1.13 Bundle oberdiek, subset hyperref (HO)


(/home/martin/texmf/tex/generic/oberdiek/hobsub-generic.sty
Package: hobsub-generic 2012/05/28 v1.13 Bundle oberdiek, subset generic (HO)
Package: hobsub 2012/05/28 v1.13 Construct package bundles (HO)
Package: infwarerr 2010/04/08 v1.3 Providing info/warning/error messages (HO)
Package: ltxcmds 2011/11/09 v1.22 LaTeX kernel commands for general use (HO)
Package: ifluatex 2010/03/01 v1.3 Provides the ifluatex switch (HO)
Package ifluatex Info: LuaTeX not detected.
Package: ifvtex 2010/03/01 v1.5 Detect VTeX and its facilities (HO)
Package ifvtex Info: VTeX not detected.
Package: intcalc 2007/09/27 v1.1 Expandable calculations with integers (HO)
Package: ifpdf 2011/01/30 v2.3 Provides the ifpdf switch (HO)
Package ifpdf Info: pdfTeX in PDF mode is not detected.
Package: etexcmds 2011/02/16 v1.5 Avoid name clashes with e-TeX commands (HO)
Package etexcmds Info: Could not find \expanded.
(etexcmds)             That can mean that you are not using pdfTeX 1.50 or
(etexcmds)             that some package has redefined \expanded.
(etexcmds)             In the latter case, load this package earlier.
Package: kvsetkeys 2012/04/25 v1.16 Key value parser (HO)
Package: kvdefinekeys 2011/04/07 v1.3 Define keys (HO)
Package: pdftexcmds 2011/11/29 v0.20 Utility functions of pdfTeX for LuaTeX (HO
)
Package pdftexcmds Info: LuaTeX not detected.
Package pdftexcmds Info: pdfTeX >= 1.30 not detected.
Package pdftexcmds Info: \pdf@primitive is available.
Package pdftexcmds Info: \pdf@ifprimitive is available.
Package pdftexcmds Info: \pdfdraftmode not found.
Package: pdfescape 2011/11/25 v1.13 Implements pdfTeX's escape features (HO)
Package: bigintcalc 2012/04/08 v1.3 Expandable calculations on big integers (HO
)
Package: bitset 2011/01/30 v1.1 Handle bit-vector datatype (HO)
Package: uniquecounter 2011/01/30 v1.2 Provide unlimited unique counter (HO)
)
Package hobsub Info: Skipping package `hobsub' (already loaded).
Package: letltxmacro 2010/09/02 v1.4 Let assignment for LaTeX macros (HO)
Package: hopatch 2012/05/28 v1.2 Wrapper for package hooks (HO)
Package: xcolor-patch 2011/01/30 xcolor patch
Package: atveryend 2011/06/30 v1.8 Hooks at the very end of document (HO)
Package atveryend Info: \enddocument detected (standard20110627).
Package: atbegshi 2011/10/05 v1.16 At begin shipout hook (HO)
Package: refcount 2011/10/16 v3.4 Data extraction from label references (HO)
Package: hycolor 2011/01/30 v1.7 Color options for hyperref/bookmark (HO)
)
(/usr/share/texlive/texmf-dist/tex/generic/ifxetex/ifxetex.sty
Package: ifxetex 2010/09/12 v0.6 Provides ifxetex conditional
)
(/home/martin/texmf/tex/latex/oberdiek/auxhook.sty
Package: auxhook 2011/03/04 v1.3 Hooks for auxiliary files (HO)
)
(/home/martin/texmf/tex/latex/oberdiek/kvoptions.sty
Package: kvoptions 2011/06/30 v3.11 Key value format for package options (HO)
)
\@linkdim=\dimen106
\Hy@linkcounter=\count92
\Hy@pagecounter=\count93

(/home/martin/texmf/tex/latex/hyperref/pd1enc.def
File: pd1enc.def 2012/11/06 v6.83m Hyperref: PDFDocEncoding definition (HO)
)
\Hy@SavedSpaceFactor=\count94

(/home/martin/texmf/tex/latex/latexconfig/hyperref.cfg
File: hyperref.cfg 2002/06/06 v1.2 hyperref configuration of TeXLive
)
Package hyperref Info: Hyper figures OFF on input line 4443.
Package hyperref Info: Link nesting OFF on input line 4448.
Package hyperref Info: Hyper index ON on input line 4451.
Package hyperref Info: Plain pages OFF on input line 4458.
Package hyperref Info: Backreferencing OFF on input line 4463.
Package hyperref Info: Implicit mode ON; LaTeX internals redefined.
Package hyperref Info: Bookmarks ON on input line 4688.
\c@Hy@tempcnt=\count95

(/home/martin/texmf/tex/latex/url/url.sty
\Urlmuskip=\muskip10
Package: url 2013/09/16  ver 3.4  Verb mode for urls, etc.
)
LaTeX Info: Redefining \url on input line 5041.
\XeTeXLinkMargin=\dimen107
\Fld@menulength=\count96
\Field@Width=\dimen108
\Fld@charsize=\dimen109
Package hyperref Info: Hyper figures OFF on input line 6295.
Package hyperref Info: Link nesting OFF on input line 6300.
Package hyperref Info: Hyper index ON on input line 6303.
Package hyperref Info: backreferencing OFF on input line 6310.
Package hyperref Info: Link coloring OFF on input line 6315.
Package hyperref Info: Link coloring with OCG OFF on input line 6320.
Package hyperref Info: PDF/A mode OFF on input line 6325.
LaTeX Info: Redefining \ref on input line 6365.
LaTeX Info: Redefining \pageref on input line 6369.
\Hy@abspage=\count97
\c@Item=\count98
\c@Hfootnote=\count99
)

Package hyperref Message: Driver (autodetected): hxetex.

(/home/martin/texmf/tex/latex/hyperref/hxetex.def
File: hxetex.def 2012/11/06 v6.83m Hyperref driver for XeTeX

(/home/martin/texmf/tex/latex/hyperref/puenc.def
File: puenc.def 2012/11/06 v6.83m Hyperref: PDF Unicode definition (HO)
)
(/home/martin/texmf/tex/generic/oberdiek/stringenc.sty
Package: stringenc 2011/12/02 v1.10 Convert strings between diff. encodings (HO
)
)
\pdfm@box=\box26
\c@Hy@AnnotLevel=\count100
\HyField@AnnotCount=\count101
\Fld@listcount=\count102
\c@bookmark@seq@number=\count103

(/home/martin/texmf/tex/latex/oberdiek/rerunfilecheck.sty
Package: rerunfilecheck 2011/04/15 v1.7 Rerun checks for auxiliary files (HO)
Package rerunfilecheck Info: Feature \pdfmdfivesum is not available
(rerunfilecheck)             (e.g. pdfTeX or LuaTeX with package `pdftexcmds').

(rerunfilecheck)             Therefore file contents cannot be checked efficien
tly
(rerunfilecheck)             and the loading of the package is aborted.
)
\Hy@SectionHShift=\skip52
)
(/usr/share/texlive/texmf-dist/tex/latex/listings/listings.sty
\lst@mode=\count104
\lst@gtempboxa=\box27
\lst@token=\toks17
\lst@length=\count105
\lst@currlwidth=\dimen110
\lst@column=\count106
\lst@pos=\count107
\lst@lostspace=\dimen111
\lst@width=\dimen112
\lst@newlines=\count108
\lst@lineno=\count109
\lst@maxwidth=\dimen113

(/usr/share/texlive/texmf-dist/tex/latex/listings/lstmisc.sty
File: lstmisc.sty 2013/08/26 1.5b (Carsten Heinz)
\c@lstnumber=\count110
\lst@skipnumbers=\count111
\lst@framebox=\box28
)
(/usr/share/texlive/texmf-dist/tex/latex/listings/listings.cfg
File: listings.cfg 2013/08/26 1.5b listings configuration
))
Package: listings 2013/08/26 1.5b (Carsten Heinz)

(./includes.tex
\c@homeworkProblemCounter=\count112
 (/usr/share/texlive/texmf-dist/tex/latex/listings/lstlang1.sty
File: lstlang1.sty 2013/08/26 1.5b listings language file
) (/usr/share/texlive/texmf-dist/tex/latex/listings/lstmisc.sty
File: lstmisc.sty 2013/08/26 1.5b (Carsten Heinz)
))
(/usr/share/texlive/texmf-dist/tex/latex/float/float.sty
Package: float 2001/11/08 v1.3d Float enhancements (AL)
\c@float@type=\count113
\float@exts=\toks18
\float@box=\box29
\@float@everytoks=\toks19
\@floatcapt=\box30
) (./marcobootstrap.aux
LaTeX Info: Redefining \. on input line 23.
LaTeX Info: Redefining \% on input line 23.
LaTeX Info: Redefining \. on input line 27.
LaTeX Info: Redefining \% on input line 27.
)
\openout1 = `marcobootstrap.aux'.

LaTeX Font Info:    Checking defaults for OML/cmm/m/it on input line 55.
LaTeX Font Info:    ... okay on input line 55.
LaTeX Font Info:    Checking defaults for T1/cmr/m/n on input line 55.
LaTeX Font Info:    ... okay on input line 55.
LaTeX Font Info:    Checking defaults for OT1/cmr/m/n on input line 55.
LaTeX Font Info:    ... okay on input line 55.
LaTeX Font Info:    Checking defaults for OMS/cmsy/m/n on input line 55.
LaTeX Font Info:    ... okay on input line 55.
LaTeX Font Info:    Checking defaults for OMX/cmex/m/n on input line 55.
LaTeX Font Info:    ... okay on input line 55.
LaTeX Font Info:    Checking defaults for U/cmr/m/n on input line 55.
LaTeX Font Info:    ... okay on input line 55.
LaTeX Font Info:    Checking defaults for PD1/pdf/m/n on input line 55.
LaTeX Font Info:    ... okay on input line 55.
LaTeX Font Info:    Checking defaults for PU/pdf/m/n on input line 55.
LaTeX Font Info:    ... okay on input line 55.
Package lastpage Info: Please have a look at the pageslts package at
(lastpage)             https://www.ctan.org/pkg/pageslts
(lastpage)             ! on input line 55.
LaTeX Info: Redefining \. on input line 55.
LaTeX Info: Redefining \% on input line 55.
\AtBeginShipoutBox=\box31
Package hyperref Info: Link coloring OFF on input line 55.
 (/home/martin/texmf/tex/latex/hyperref/nameref.sty
Package: nameref 2012/10/27 v2.43 Cross-referencing by name of section

(/home/martin/texmf/tex/generic/oberdiek/gettitlestring.sty
Package: gettitlestring 2010/12/03 v1.4 Cleanup title references (HO)
)
\c@section@level=\count114
)
LaTeX Info: Redefining \ref on input line 55.
LaTeX Info: Redefining \pageref on input line 55.
LaTeX Info: Redefining \nameref on input line 55.

(./marcobootstrap.out) (./marcobootstrap.out)
\@outlinefile=\write3
\openout3 = `marcobootstrap.out'.

\c@lstlisting=\count115
LaTeX Font Info:    External font `cmex10' loaded for size
(Font)              <12> on input line 58.
LaTeX Font Info:    External font `cmex10' loaded for size
(Font)              <8> on input line 58.
LaTeX Font Info:    External font `cmex10' loaded for size
(Font)              <6> on input line 58.
 (./marcobootstrap.toc
LaTeX Info: Redefining \. on input line 1.
LaTeX Info: Redefining \% on input line 1.
LaTeX Info: Redefining \. on input line 2.
LaTeX Info: Redefining \% on input line 2.
LaTeX Font Info:    External font `cmex10' loaded for size
(Font)              <7> on input line 5.
LaTeX Font Info:    External font `cmex10' loaded for size
(Font)              <5> on input line 5.
)
\tf@toc=\write4
\openout4 = `marcobootstrap.toc'.

Package babel Info: Redefining spanish shorthand <<
(babel)             in language  on input line 69.
Package babel Info: Redefining spanish shorthand >>
(babel)             in language  on input line 69.
Package babel Info: Redefining spanish shorthand "=
(babel)             in language  on input line 69.
Package babel Info: Redefining spanish shorthand "~
(babel)             in language  on input line 69.
Package babel Info: Redefining spanish shorthand "!
(babel)             in language  on input line 69.
Package babel Info: Redefining spanish shorthand "?
(babel)             in language  on input line 69.

(/home/martin/texmf/tex/generic/oberdiek/se-ascii-print.def
File: se-ascii-print.def 2011/12/02 v1.10 stringenc: Printable ASCII characters

)
Package babel Info: Redefining spanish shorthand <<
(babel)             in language  on input line 69.
Package babel Info: Redefining spanish shorthand >>
(babel)             in language  on input line 69.
Package babel Info: Redefining spanish shorthand "=
(babel)             in language  on input line 69.
Package babel Info: Redefining spanish shorthand "~
(babel)             in language  on input line 69.
Package babel Info: Redefining spanish shorthand "!
(babel)             in language  on input line 69.
Package babel Info: Redefining spanish shorthand "?
(babel)             in language  on input line 69.
 [1

]
LaTeX Info: Redefining \. on input line 69.
LaTeX Info: Redefining \% on input line 69.
LaTeX Info: Redefining \. on input line 69.
LaTeX Info: Redefining \% on input line 69.


Package Fancyhdr Warning: \headheight is too small (12.0pt): 
 Make it at least 12.1638pt.
 We now make it that large for the rest of the document.
 This may cause the page layout to be inconsistent, however.

Package babel Info: Redefining spanish shorthand <<
(babel)             in language  on input line 69.
Package babel Info: Redefining spanish shorthand >>
(babel)             in language  on input line 69.
Package babel Info: Redefining spanish shorthand "=
(babel)             in language  on input line 69.
Package babel Info: Redefining spanish shorthand "~
(babel)             in language  on input line 69.
Package babel Info: Redefining spanish shorthand "!
(babel)             in language  on input line 69.
Package babel Info: Redefining spanish shorthand "?
(babel)             in language  on input line 69.
Package babel Info: Redefining spanish shorthand <<
(babel)             in language  on input line 69.
Package babel Info: Redefining spanish shorthand >>
(babel)             in language  on input line 69.
Package babel Info: Redefining spanish shorthand "=
(babel)             in language  on input line 69.
Package babel Info: Redefining spanish shorthand "~
(babel)             in language  on input line 69.
Package babel Info: Redefining spanish shorthand "!
(babel)             in language  on input line 69.
Package babel Info: Redefining spanish shorthand "?
(babel)             in language  on input line 69.
[2]
Package babel Info: Redefining spanish shorthand <<
(babel)             in language  on input line 71.
Package babel Info: Redefining spanish shorthand >>
(babel)             in language  on input line 71.
Package babel Info: Redefining spanish shorthand "=
(babel)             in language  on input line 71.
Package babel Info: Redefining spanish shorthand "~
(babel)             in language  on input line 71.
Package babel Info: Redefining spanish shorthand "!
(babel)             in language  on input line 71.
Package babel Info: Redefining spanish shorthand "?
(babel)             in language  on input line 71.
Package babel Info: Redefining spanish shorthand <<
(babel)             in language  on input line 77.
Package babel Info: Redefining spanish shorthand >>
(babel)             in language  on input line 77.
Package babel Info: Redefining spanish shorthand "=
(babel)             in language  on input line 77.
Package babel Info: Redefining spanish shorthand "~
(babel)             in language  on input line 77.
Package babel Info: Redefining spanish shorthand "!
(babel)             in language  on input line 77.
Package babel Info: Redefining spanish shorthand "?
(babel)             in language  on input line 77.
Package babel Info: Redefining spanish shorthand <<
(babel)             in language  on input line 83.
Package babel Info: Redefining spanish shorthand >>
(babel)             in language  on input line 83.
Package babel Info: Redefining spanish shorthand "=
(babel)             in language  on input line 83.
Package babel Info: Redefining spanish shorthand "~
(babel)             in language  on input line 83.
Package babel Info: Redefining spanish shorthand "!
(babel)             in language  on input line 83.
Package babel Info: Redefining spanish shorthand "?
(babel)             in language  on input line 83.
Package babel Info: Redefining spanish shorthand <<
(babel)             in language  on input line 92.
Package babel Info: Redefining spanish shorthand >>
(babel)             in language  on input line 92.
Package babel Info: Redefining spanish shorthand "=
(babel)             in language  on input line 92.
Package babel Info: Redefining spanish shorthand "~
(babel)             in language  on input line 92.
Package babel Info: Redefining spanish shorthand "!
(babel)             in language  on input line 92.
Package babel Info: Redefining spanish shorthand "?
(babel)             in language  on input line 92.
Package babel Info: Redefining spanish shorthand <<
(babel)             in language  on input line 96.
Package babel Info: Redefining spanish shorthand >>
(babel)             in language  on input line 96.
Package babel Info: Redefining spanish shorthand "=
(babel)             in language  on input line 96.
Package babel Info: Redefining spanish shorthand "~
(babel)             in language  on input line 96.
Package babel Info: Redefining spanish shorthand "!
(babel)             in language  on input line 96.
Package babel Info: Redefining spanish shorthand "?
(babel)             in language  on input line 96.
LaTeX Font Info:    Try loading font information for T1+cmtt on input line 98.
 (/home/martin/texmf/tex/latex/base/t1cmtt.fd
File: t1cmtt.fd 2014/09/29 v2.5h Standard LaTeX font definitions
)
LaTeX Info: Redefining \. on input line 99.
LaTeX Info: Redefining \% on input line 99.
Package babel Info: Redefining spanish shorthand <<
(babel)             in language  on input line 99.
Package babel Info: Redefining spanish shorthand >>
(babel)             in language  on input line 99.
Package babel Info: Redefining spanish shorthand "=
(babel)             in language  on input line 99.
Package babel Info: Redefining spanish shorthand "~
(babel)             in language  on input line 99.
Package babel Info: Redefining spanish shorthand "!
(babel)             in language  on input line 99.
Package babel Info: Redefining spanish shorthand "?
(babel)             in language  on input line 99.
Package babel Info: Redefining spanish shorthand <<
(babel)             in language  on input line 99.
Package babel Info: Redefining spanish shorthand >>
(babel)             in language  on input line 99.
Package babel Info: Redefining spanish shorthand "=
(babel)             in language  on input line 99.
Package babel Info: Redefining spanish shorthand "~
(babel)             in language  on input line 99.
Package babel Info: Redefining spanish shorthand "!
(babel)             in language  on input line 99.
Package babel Info: Redefining spanish shorthand "?
(babel)             in language  on input line 99.
 [3]
File: Figures/bootsequence.png Graphic file (type QTm)

<use  "Figures/bootsequence.png" >
Package babel Info: Redefining spanish shorthand <<
(babel)             in language  on input line 126.
Package babel Info: Redefining spanish shorthand >>
(babel)             in language  on input line 126.
Package babel Info: Redefining spanish shorthand "=
(babel)             in language  on input line 126.
Package babel Info: Redefining spanish shorthand "~
(babel)             in language  on input line 126.
Package babel Info: Redefining spanish shorthand "!
(babel)             in language  on input line 126.
Package babel Info: Redefining spanish shorthand "?
(babel)             in language  on input line 126.
LaTeX Info: Redefining \. on input line 129.
LaTeX Info: Redefining \% on input line 129.
LaTeX Info: Redefining \. on input line 129.
LaTeX Info: Redefining \% on input line 129.
Package babel Info: Redefining spanish shorthand <<
(babel)             in language  on input line 129.
Package babel Info: Redefining spanish shorthand >>
(babel)             in language  on input line 129.
Package babel Info: Redefining spanish shorthand "=
(babel)             in language  on input line 129.
Package babel Info: Redefining spanish shorthand "~
(babel)             in language  on input line 129.
Package babel Info: Redefining spanish shorthand "!
(babel)             in language  on input line 129.
Package babel Info: Redefining spanish shorthand "?
(babel)             in language  on input line 129.
Package babel Info: Redefining spanish shorthand <<
(babel)             in language  on input line 129.
Package babel Info: Redefining spanish shorthand >>
(babel)             in language  on input line 129.
Package babel Info: Redefining spanish shorthand "=
(babel)             in language  on input line 129.
Package babel Info: Redefining spanish shorthand "~
(babel)             in language  on input line 129.
Package babel Info: Redefining spanish shorthand "!
(babel)             in language  on input line 129.
Package babel Info: Redefining spanish shorthand "?
(babel)             in language  on input line 129.
 [4]
Package babel Info: Redefining spanish shorthand <<
(babel)             in language  on input line 130.
Package babel Info: Redefining spanish shorthand >>
(babel)             in language  on input line 130.
Package babel Info: Redefining spanish shorthand "=
(babel)             in language  on input line 130.
Package babel Info: Redefining spanish shorthand "~
(babel)             in language  on input line 130.
Package babel Info: Redefining spanish shorthand "!
(babel)             in language  on input line 130.
Package babel Info: Redefining spanish shorthand "?
(babel)             in language  on input line 130.

Underfull \hbox (badness 10000) in paragraph at lines 134--135

 []

Package babel Info: Redefining spanish shorthand <<
(babel)             in language  on input line 138.
Package babel Info: Redefining spanish shorthand >>
(babel)             in language  on input line 138.
Package babel Info: Redefining spanish shorthand "=
(babel)             in language  on input line 138.
Package babel Info: Redefining spanish shorthand "~
(babel)             in language  on input line 138.
Package babel Info: Redefining spanish shorthand "!
(babel)             in language  on input line 138.
Package babel Info: Redefining spanish shorthand "?
(babel)             in language  on input line 138.
Package babel Info: Redefining spanish shorthand <<
(babel)             in language  on input line 150.
Package babel Info: Redefining spanish shorthand >>
(babel)             in language  on input line 150.
Package babel Info: Redefining spanish shorthand "=
(babel)             in language  on input line 150.
Package babel Info: Redefining spanish shorthand "~
(babel)             in language  on input line 150.
Package babel Info: Redefining spanish shorthand "!
(babel)             in language  on input line 150.
Package babel Info: Redefining spanish shorthand "?
(babel)             in language  on input line 150.
LaTeX Info: Redefining \. on input line 159.
LaTeX Info: Redefining \% on input line 159.
LaTeX Info: Redefining \. on input line 159.
LaTeX Info: Redefining \% on input line 159.
Package babel Info: Redefining spanish shorthand <<
(babel)             in language  on input line 159.
Package babel Info: Redefining spanish shorthand >>
(babel)             in language  on input line 159.
Package babel Info: Redefining spanish shorthand "=
(babel)             in language  on input line 159.
Package babel Info: Redefining spanish shorthand "~
(babel)             in language  on input line 159.
Package babel Info: Redefining spanish shorthand "!
(babel)             in language  on input line 159.
Package babel Info: Redefining spanish shorthand "?
(babel)             in language  on input line 159.
Package babel Info: Redefining spanish shorthand <<
(babel)             in language  on input line 159.
Package babel Info: Redefining spanish shorthand >>
(babel)             in language  on input line 159.
Package babel Info: Redefining spanish shorthand "=
(babel)             in language  on input line 159.
Package babel Info: Redefining spanish shorthand "~
(babel)             in language  on input line 159.
Package babel Info: Redefining spanish shorthand "!
(babel)             in language  on input line 159.
Package babel Info: Redefining spanish shorthand "?
(babel)             in language  on input line 159.
[5]
Package babel Info: Redefining spanish shorthand <<
(babel)             in language  on input line 166.
Package babel Info: Redefining spanish shorthand >>
(babel)             in language  on input line 166.
Package babel Info: Redefining spanish shorthand "=
(babel)             in language  on input line 166.
Package babel Info: Redefining spanish shorthand "~
(babel)             in language  on input line 166.
Package babel Info: Redefining spanish shorthand "!
(babel)             in language  on input line 166.
Package babel Info: Redefining spanish shorthand "?
(babel)             in language  on input line 166.
Package babel Info: Redefining spanish shorthand <<
(babel)             in language  on input line 170.
Package babel Info: Redefining spanish shorthand >>
(babel)             in language  on input line 170.
Package babel Info: Redefining spanish shorthand "=
(babel)             in language  on input line 170.
Package babel Info: Redefining spanish shorthand "~
(babel)             in language  on input line 170.
Package babel Info: Redefining spanish shorthand "!
(babel)             in language  on input line 170.
Package babel Info: Redefining spanish shorthand "?
(babel)             in language  on input line 170.
LaTeX Info: Redefining \. on input line 201.
LaTeX Info: Redefining \% on input line 201.
Package babel Info: Redefining spanish shorthand <<
(babel)             in language  on input line 201.
Package babel Info: Redefining spanish shorthand >>
(babel)             in language  on input line 201.
Package babel Info: Redefining spanish shorthand "=
(babel)             in language  on input line 201.
Package babel Info: Redefining spanish shorthand "~
(babel)             in language  on input line 201.
Package babel Info: Redefining spanish shorthand "!
(babel)             in language  on input line 201.
Package babel Info: Redefining spanish shorthand "?
(babel)             in language  on input line 201.
Package babel Info: Redefining spanish shorthand <<
(babel)             in language  on input line 201.
Package babel Info: Redefining spanish shorthand >>
(babel)             in language  on input line 201.
Package babel Info: Redefining spanish shorthand "=
(babel)             in language  on input line 201.
Package babel Info: Redefining spanish shorthand "~
(babel)             in language  on input line 201.
Package babel Info: Redefining spanish shorthand "!
(babel)             in language  on input line 201.
Package babel Info: Redefining spanish shorthand "?
(babel)             in language  on input line 201.
 [6]
Package babel Info: Redefining spanish shorthand <<
(babel)             in language  on input line 207.
Package babel Info: Redefining spanish shorthand >>
(babel)             in language  on input line 207.
Package babel Info: Redefining spanish shorthand "=
(babel)             in language  on input line 207.
Package babel Info: Redefining spanish shorthand "~
(babel)             in language  on input line 207.
Package babel Info: Redefining spanish shorthand "!
(babel)             in language  on input line 207.
Package babel Info: Redefining spanish shorthand "?
(babel)             in language  on input line 207.
Package babel Info: Redefining spanish shorthand <<
(babel)             in language  on input line 213.
Package babel Info: Redefining spanish shorthand >>
(babel)             in language  on input line 213.
Package babel Info: Redefining spanish shorthand "=
(babel)             in language  on input line 213.
Package babel Info: Redefining spanish shorthand "~
(babel)             in language  on input line 213.
Package babel Info: Redefining spanish shorthand "!
(babel)             in language  on input line 213.
Package babel Info: Redefining spanish shorthand "?
(babel)             in language  on input line 213.
Package babel Info: Redefining spanish shorthand <<
(babel)             in language  on input line 219.
Package babel Info: Redefining spanish shorthand >>
(babel)             in language  on input line 219.
Package babel Info: Redefining spanish shorthand "=
(babel)             in language  on input line 219.
Package babel Info: Redefining spanish shorthand "~
(babel)             in language  on input line 219.
Package babel Info: Redefining spanish shorthand "!
(babel)             in language  on input line 219.
Package babel Info: Redefining spanish shorthand "?
(babel)             in language  on input line 219.
Package babel Info: Redefining spanish shorthand <<
(babel)             in language  on input line 223.
Package babel Info: Redefining spanish shorthand >>
(babel)             in language  on input line 223.
Package babel Info: Redefining spanish shorthand "=
(babel)             in language  on input line 223.
Package babel Info: Redefining spanish shorthand "~
(babel)             in language  on input line 223.
Package babel Info: Redefining spanish shorthand "!
(babel)             in language  on input line 223.
Package babel Info: Redefining spanish shorthand "?
(babel)             in language  on input line 223.
File: Figures/index.png Graphic file (type QTm)
 <use  "Figures/index.png" >
LaTeX Info: Redefining \. on input line 233.
LaTeX Info: Redefining \% on input line 233.
LaTeX Info: Redefining \. on input line 233.
LaTeX Info: Redefining \% on input line 233.
Package babel Info: Redefining spanish shorthand <<
(babel)             in language  on input line 233.
Package babel Info: Redefining spanish shorthand >>
(babel)             in language  on input line 233.
Package babel Info: Redefining spanish shorthand "=
(babel)             in language  on input line 233.
Package babel Info: Redefining spanish shorthand "~
(babel)             in language  on input line 233.
Package babel Info: Redefining spanish shorthand "!
(babel)             in language  on input line 233.
Package babel Info: Redefining spanish shorthand "?
(babel)             in language  on input line 233.
Package babel Info: Redefining spanish shorthand <<
(babel)             in language  on input line 233.
Package babel Info: Redefining spanish shorthand >>
(babel)             in language  on input line 233.
Package babel Info: Redefining spanish shorthand "=
(babel)             in language  on input line 233.
Package babel Info: Redefining spanish shorthand "~
(babel)             in language  on input line 233.
Package babel Info: Redefining spanish shorthand "!
(babel)             in language  on input line 233.
Package babel Info: Redefining spanish shorthand "?
(babel)             in language  on input line 233.
 [7]
Package babel Info: Redefining spanish shorthand <<
(babel)             in language  on input line 236.
Package babel Info: Redefining spanish shorthand >>
(babel)             in language  on input line 236.
Package babel Info: Redefining spanish shorthand "=
(babel)             in language  on input line 236.
Package babel Info: Redefining spanish shorthand "~
(babel)             in language  on input line 236.
Package babel Info: Redefining spanish shorthand "!
(babel)             in language  on input line 236.
Package babel Info: Redefining spanish shorthand "?
(babel)             in language  on input line 236.
Package babel Info: Redefining spanish shorthand <<
(babel)             in language  on input line 239.
Package babel Info: Redefining spanish shorthand >>
(babel)             in language  on input line 239.
Package babel Info: Redefining spanish shorthand "=
(babel)             in language  on input line 239.
Package babel Info: Redefining spanish shorthand "~
(babel)             in language  on input line 239.
Package babel Info: Redefining spanish shorthand "!
(babel)             in language  on input line 239.
Package babel Info: Redefining spanish shorthand "?
(babel)             in language  on input line 239.
Package babel Info: Redefining spanish shorthand <<
(babel)             in language  on input line 243.
Package babel Info: Redefining spanish shorthand >>
(babel)             in language  on input line 243.
Package babel Info: Redefining spanish shorthand "=
(babel)             in language  on input line 243.
Package babel Info: Redefining spanish shorthand "~
(babel)             in language  on input line 243.
Package babel Info: Redefining spanish shorthand "!
(babel)             in language  on input line 243.
Package babel Info: Redefining spanish shorthand "?
(babel)             in language  on input line 243.
Package babel Info: Redefining spanish shorthand <<
(babel)             in language  on input line 253.
Package babel Info: Redefining spanish shorthand >>
(babel)             in language  on input line 253.
Package babel Info: Redefining spanish shorthand "=
(babel)             in language  on input line 253.
Package babel Info: Redefining spanish shorthand "~
(babel)             in language  on input line 253.
Package babel Info: Redefining spanish shorthand "!
(babel)             in language  on input line 253.
Package babel Info: Redefining spanish shorthand "?
(babel)             in language  on input line 253.
Package babel Info: Redefining spanish shorthand <<
(babel)             in language  on input line 257.
Package babel Info: Redefining spanish shorthand >>
(babel)             in language  on input line 257.
Package babel Info: Redefining spanish shorthand "=
(babel)             in language  on input line 257.
Package babel Info: Redefining spanish shorthand "~
(babel)             in language  on input line 257.
Package babel Info: Redefining spanish shorthand "!
(babel)             in language  on input line 257.
Package babel Info: Redefining spanish shorthand "?
(babel)             in language  on input line 257.
LaTeX Info: Redefining \. on input line 260.
LaTeX Info: Redefining \% on input line 260.
LaTeX Info: Redefining \. on input line 260.
LaTeX Info: Redefining \% on input line 260.
Package babel Info: Redefining spanish shorthand <<
(babel)             in language  on input line 260.
Package babel Info: Redefining spanish shorthand >>
(babel)             in language  on input line 260.
Package babel Info: Redefining spanish shorthand "=
(babel)             in language  on input line 260.
Package babel Info: Redefining spanish shorthand "~
(babel)             in language  on input line 260.
Package babel Info: Redefining spanish shorthand "!
(babel)             in language  on input line 260.
Package babel Info: Redefining spanish shorthand "?
(babel)             in language  on input line 260.
Package babel Info: Redefining spanish shorthand <<
(babel)             in language  on input line 260.
Package babel Info: Redefining spanish shorthand >>
(babel)             in language  on input line 260.
Package babel Info: Redefining spanish shorthand "=
(babel)             in language  on input line 260.
Package babel Info: Redefining spanish shorthand "~
(babel)             in language  on input line 260.
Package babel Info: Redefining spanish shorthand "!
(babel)             in language  on input line 260.
Package babel Info: Redefining spanish shorthand "?
(babel)             in language  on input line 260.
 [8]
Package babel Info: Redefining spanish shorthand <<
(babel)             in language  on input line 261.
Package babel Info: Redefining spanish shorthand >>
(babel)             in language  on input line 261.
Package babel Info: Redefining spanish shorthand "=
(babel)             in language  on input line 261.
Package babel Info: Redefining spanish shorthand "~
(babel)             in language  on input line 261.
Package babel Info: Redefining spanish shorthand "!
(babel)             in language  on input line 261.
Package babel Info: Redefining spanish shorthand "?
(babel)             in language  on input line 261.
Package babel Info: Redefining spanish shorthand <<
(babel)             in language  on input line 265.
Package babel Info: Redefining spanish shorthand >>
(babel)             in language  on input line 265.
Package babel Info: Redefining spanish shorthand "=
(babel)             in language  on input line 265.
Package babel Info: Redefining spanish shorthand "~
(babel)             in language  on input line 265.
Package babel Info: Redefining spanish shorthand "!
(babel)             in language  on input line 265.
Package babel Info: Redefining spanish shorthand "?
(babel)             in language  on input line 265.
Package babel Info: Redefining spanish shorthand <<
(babel)             in language  on input line 268.
Package babel Info: Redefining spanish shorthand >>
(babel)             in language  on input line 268.
Package babel Info: Redefining spanish shorthand "=
(babel)             in language  on input line 268.
Package babel Info: Redefining spanish shorthand "~
(babel)             in language  on input line 268.
Package babel Info: Redefining spanish shorthand "!
(babel)             in language  on input line 268.
Package babel Info: Redefining spanish shorthand "?
(babel)             in language  on input line 268.
Package babel Info: Redefining spanish shorthand <<
(babel)             in language  on input line 272.
Package babel Info: Redefining spanish shorthand >>
(babel)             in language  on input line 272.
Package babel Info: Redefining spanish shorthand "=
(babel)             in language  on input line 272.
Package babel Info: Redefining spanish shorthand "~
(babel)             in language  on input line 272.
Package babel Info: Redefining spanish shorthand "!
(babel)             in language  on input line 272.
Package babel Info: Redefining spanish shorthand "?
(babel)             in language  on input line 272.
LaTeX Info: Redefining \. on input line 288.
LaTeX Info: Redefining \% on input line 288.
LaTeX Info: Redefining \. on input line 288.
LaTeX Info: Redefining \% on input line 288.
Package babel Info: Redefining spanish shorthand <<
(babel)             in language  on input line 288.
Package babel Info: Redefining spanish shorthand >>
(babel)             in language  on input line 288.
Package babel Info: Redefining spanish shorthand "=
(babel)             in language  on input line 288.
Package babel Info: Redefining spanish shorthand "~
(babel)             in language  on input line 288.
Package babel Info: Redefining spanish shorthand "!
(babel)             in language  on input line 288.
Package babel Info: Redefining spanish shorthand "?
(babel)             in language  on input line 288.
Package babel Info: Redefining spanish shorthand <<
(babel)             in language  on input line 288.
Package babel Info: Redefining spanish shorthand >>
(babel)             in language  on input line 288.
Package babel Info: Redefining spanish shorthand "=
(babel)             in language  on input line 288.
Package babel Info: Redefining spanish shorthand "~
(babel)             in language  on input line 288.
Package babel Info: Redefining spanish shorthand "!
(babel)             in language  on input line 288.
Package babel Info: Redefining spanish shorthand "?
(babel)             in language  on input line 288.
 [9]
Package babel Info: Redefining spanish shorthand <<
(babel)             in language  on input line 307.
Package babel Info: Redefining spanish shorthand >>
(babel)             in language  on input line 307.
Package babel Info: Redefining spanish shorthand "=
(babel)             in language  on input line 307.
Package babel Info: Redefining spanish shorthand "~
(babel)             in language  on input line 307.
Package babel Info: Redefining spanish shorthand "!
(babel)             in language  on input line 307.
Package babel Info: Redefining spanish shorthand "?
(babel)             in language  on input line 307.
LaTeX Info: Redefining \. on input line 321.
LaTeX Info: Redefining \% on input line 321.
Package babel Info: Redefining spanish shorthand <<
(babel)             in language  on input line 321.
Package babel Info: Redefining spanish shorthand >>
(babel)             in language  on input line 321.
Package babel Info: Redefining spanish shorthand "=
(babel)             in language  on input line 321.
Package babel Info: Redefining spanish shorthand "~
(babel)             in language  on input line 321.
Package babel Info: Redefining spanish shorthand "!
(babel)             in language  on input line 321.
Package babel Info: Redefining spanish shorthand "?
(babel)             in language  on input line 321.
Package babel Info: Redefining spanish shorthand <<
(babel)             in language  on input line 321.
Package babel Info: Redefining spanish shorthand >>
(babel)             in language  on input line 321.
Package babel Info: Redefining spanish shorthand "=
(babel)             in language  on input line 321.
Package babel Info: Redefining spanish shorthand "~
(babel)             in language  on input line 321.
Package babel Info: Redefining spanish shorthand "!
(babel)             in language  on input line 321.
Package babel Info: Redefining spanish shorthand "?
(babel)             in language  on input line 321.
 [10]
Package babel Info: Redefining spanish shorthand <<
(babel)             in language  on input line 328.
Package babel Info: Redefining spanish shorthand >>
(babel)             in language  on input line 328.
Package babel Info: Redefining spanish shorthand "=
(babel)             in language  on input line 328.
Package babel Info: Redefining spanish shorthand "~
(babel)             in language  on input line 328.
Package babel Info: Redefining spanish shorthand "!
(babel)             in language  on input line 328.
Package babel Info: Redefining spanish shorthand "?
(babel)             in language  on input line 328.
Package babel Info: Redefining spanish shorthand <<
(babel)             in language  on input line 334.
Package babel Info: Redefining spanish shorthand >>
(babel)             in language  on input line 334.
Package babel Info: Redefining spanish shorthand "=
(babel)             in language  on input line 334.
Package babel Info: Redefining spanish shorthand "~
(babel)             in language  on input line 334.
Package babel Info: Redefining spanish shorthand "!
(babel)             in language  on input line 334.
Package babel Info: Redefining spanish shorthand "?
(babel)             in language  on input line 334.
 (./marcobootstrap.bbl
Underfull \hbox (badness 10000) in paragraph at lines 10--12
[]\T1/cmr/m/n/10 L. K. Or-ga-ni-za-tion, ``Ker-nel pa-ra-me-ters.'' []$\T1/cmtt
/m/n/10 https : / / www . kernel . org / doc / Documentation /
 []

) 
AED: lastpage setting LastPage
LaTeX Info: Redefining \. on input line 349.
LaTeX Info: Redefining \% on input line 349.
Package babel Info: Redefining spanish shorthand <<
(babel)             in language  on input line 349.
Package babel Info: Redefining spanish shorthand >>
(babel)             in language  on input line 349.
Package babel Info: Redefining spanish shorthand "=
(babel)             in language  on input line 349.
Package babel Info: Redefining spanish shorthand "~
(babel)             in language  on input line 349.
Package babel Info: Redefining spanish shorthand "!
(babel)             in language  on input line 349.
Package babel Info: Redefining spanish shorthand "?
(babel)             in language  on input line 349.
Package babel Info: Redefining spanish shorthand <<
(babel)             in language  on input line 349.
Package babel Info: Redefining spanish shorthand >>
(babel)             in language  on input line 349.
Package babel Info: Redefining spanish shorthand "=
(babel)             in language  on input line 349.
Package babel Info: Redefining spanish shorthand "~
(babel)             in language  on input line 349.
Package babel Info: Redefining spanish shorthand "!
(babel)             in language  on input line 349.
Package babel Info: Redefining spanish shorthand "?
(babel)             in language  on input line 349.
[11]
Package babel Info: Redefining spanish shorthand <<
(babel)             in language  on input line 349.
Package babel Info: Redefining spanish shorthand >>
(babel)             in language  on input line 349.
Package babel Info: Redefining spanish shorthand "=
(babel)             in language  on input line 349.
Package babel Info: Redefining spanish shorthand "~
(babel)             in language  on input line 349.
Package babel Info: Redefining spanish shorthand "!
(babel)             in language  on input line 349.
Package babel Info: Redefining spanish shorthand "?
(babel)             in language  on input line 349.
Package atveryend Info: Empty hook `BeforeClearDocument' on input line 349.
Package atveryend Info: Empty hook `AfterLastShipout' on input line 349.
 (./marcobootstrap.aux
LaTeX Info: Redefining \. on input line 23.
LaTeX Info: Redefining \% on input line 23.
LaTeX Info: Redefining \. on input line 27.
LaTeX Info: Redefining \% on input line 27.
)
Package atveryend Info: Empty hook `AtVeryEndDocument' on input line 349.
Package atveryend Info: Empty hook `AtEndAfterFileList' on input line 349.
Package atveryend Info: Empty hook `AtVeryVeryEnd' on input line 349.
 ) 
Here is how much of TeX's memory you used:
 10553 strings out of 495604
 146560 string characters out of 6186570
 346480 words of memory out of 5000000
 13662 multiletter control sequences out of 15000+600000
 18409 words of font info for 41 fonts, out of 8000000 for 9000
 40 hyphenation exceptions out of 8191
 30i,10n,45p,907b,959s stack positions out of 5000i,500n,10000p,200000b,80000s

Output written on marcobootstrap.pdf (11 pages).
